welcomed depth 19 1000000 bytes 607 times 607000000
welcomed depth 19 1000000 bytes 533 times 533000000
welcomed depth 19 1000000 bytes 611 times 611000000
welcomed depth 19 1000000 bytes 864 times 864000000
welcomed depth 19 1000000 bytes 800 times 800000000
welcomed depth 19 1000000 bytes 680 times 680000000
welcomed depth 19 1000000 bytes 767 times 767000000
welcomed depth 19 1000000 bytes 639 times 639000000
welcomed depth 19 1000000 bytes 621 times 621000000
welcomed depth 19 1000000 bytes 531 times 531000000
welcomed depth 19 1000000 bytes 540 times 540000000
welcomed depth 19 1000000 bytes 868 times 868000000
welcomed depth 19 1000000 bytes 876 times 876000000
welcomed depth 19 1000000 bytes 798 times 798000000
welcomed depth 19 1000000 bytes 826 times 826000000
welcomed depth 19 1000000 bytes 793 times 793000000
welcomed depth 19 1000000 bytes 565 times 565000000
welcomed depth 19 1000000 bytes 665 times 665000000
welcomed depth 19 1000000 bytes 512 times 512000000
welcomed depth 19 1000000 bytes 789 times 789000000
welcomed depth 19 1000000 bytes 757 times 757000000
welcomed depth 19 1000000 bytes 705 times 705000000
welcomed depth 19 1000000 bytes 521 times 521000000
welcomed depth 19 1000000 bytes 651 times 651000000
welcomed depth 19 1000000 bytes 624 times 624000000
welcomed depth 19 1000000 bytes 626 times 626000000
welcomed depth 19 1000000 bytes 679 times 679000000
welcomed depth 19 1000000 bytes 563 times 563000000
welcomed depth 19 1000000 bytes 601 times 601000000
welcomed depth 19 1000000 bytes 758 times 758000000
welcomed depth 19 1000000 bytes 928 times 928000000
welcomed depth 19 1000000 bytes 763 times 763000000
welcomed depth 19 1000000 bytes 913 times 913000000
welcomed depth 19 1000000 bytes 706 times 706000000
welcomed depth 19 1000000 bytes 516 times 516000000
welcomed depth 19 1000000 bytes 664 times 664000000
welcomed depth 19 1000000 bytes 862 times 862000000
welcomed depth 19 1000000 bytes 719 times 719000000
welcomed depth 19 1000000 bytes 824 times 824000000
welcomed depth 19 1000000 bytes 748 times 748000000
welcomed depth 19 1000000 bytes 800 times 800000000
welcomed depth 19 1000000 bytes 447 times 447000000
welcomed depth 19 1000000 bytes 622 times 622000000
welcomed depth 19 1000000 bytes 625 times 625000000
welcomed depth 19 1000000 bytes 709 times 709000000
welcomed depth 19 1000000 bytes 710 times 710000000
welcomed depth 19 1000000 bytes 755 times 755000000
welcomed depth 19 1000000 bytes 738 times 738000000
welcomed depth 19 1000000 bytes 741 times 741000000
welcomed depth 19 1000000 bytes 717 times 717000000
welcomed depth 19 1000000 bytes 686 times 686000000
