welcomed depth 18 1000000 bytes 108 times 108000000
welcomed depth 18 1000000 bytes 204 times 204000000
welcomed depth 18 1000000 bytes 166 times 166000000
welcomed depth 18 1000000 bytes 73 times 73000000
welcomed depth 18 1000000 bytes 112 times 112000000
welcomed depth 18 1000000 bytes 141 times 141000000
welcomed depth 18 1000000 bytes 132 times 132000000
welcomed depth 18 1000000 bytes 89 times 89000000
welcomed depth 18 1000000 bytes 181 times 181000000
welcomed depth 18 1000000 bytes 173 times 173000000
welcomed depth 18 1000000 bytes 133 times 133000000
welcomed depth 18 1000000 bytes 116 times 116000000
welcomed depth 18 1000000 bytes 129 times 129000000
welcomed depth 18 1000000 bytes 133 times 133000000
welcomed depth 18 1000000 bytes 183 times 183000000
welcomed depth 18 1000000 bytes 181 times 181000000
welcomed depth 18 1000000 bytes 162 times 162000000
welcomed depth 18 1000000 bytes 104 times 104000000
welcomed depth 18 1000000 bytes 188 times 188000000
welcomed depth 18 1000000 bytes 196 times 196000000
welcomed depth 18 1000000 bytes 174 times 174000000
welcomed depth 18 1000000 bytes 181 times 181000000
welcomed depth 18 1000000 bytes 118 times 118000000
welcomed depth 18 1000000 bytes 212 times 212000000
welcomed depth 18 1000000 bytes 33 times 33000000
welcomed depth 18 1000000 bytes 151 times 151000000
welcomed depth 18 1000000 bytes 89 times 89000000
welcomed depth 18 1000000 bytes 154 times 154000000
welcomed depth 18 1000000 bytes 149 times 149000000
welcomed depth 18 1000000 bytes 123 times 123000000
welcomed depth 18 1000000 bytes 64 times 64000000
welcomed depth 18 1000000 bytes 167 times 167000000
welcomed depth 18 1000000 bytes 140 times 140000000
welcomed depth 18 1000000 bytes 158 times 158000000
welcomed depth 18 1000000 bytes 177 times 177000000
welcomed depth 18 1000000 bytes 148 times 148000000
welcomed depth 18 1000000 bytes 173 times 173000000
welcomed depth 18 1000000 bytes 96 times 96000000
welcomed depth 18 1000000 bytes 126 times 126000000
welcomed depth 18 1000000 bytes 162 times 162000000
welcomed depth 18 1000000 bytes 79 times 79000000
welcomed depth 18 1000000 bytes 157 times 157000000
welcomed depth 18 1000000 bytes 165 times 165000000
welcomed depth 18 1000000 bytes 173 times 173000000
welcomed depth 18 1000000 bytes 160 times 160000000
welcomed depth 18 1000000 bytes 211 times 211000000
welcomed depth 18 1000000 bytes 153 times 153000000
welcomed depth 18 1000000 bytes 132 times 132000000
welcomed depth 18 1000000 bytes 180 times 180000000
welcomed depth 18 1000000 bytes 131 times 131000000
welcomed depth 18 1000000 bytes 143 times 143000000
welcomed depth 18 1000000 bytes 139 times 139000000
welcomed depth 18 1000000 bytes 175 times 175000000
welcomed depth 18 1000000 bytes 182 times 182000000
welcomed depth 18 1000000 bytes 83 times 83000000
welcomed depth 18 1000000 bytes 176 times 176000000
welcomed depth 18 1000000 bytes 79 times 79000000
welcomed depth 18 1000000 bytes 144 times 144000000
welcomed depth 18 1000000 bytes 177 times 177000000
welcomed depth 18 1000000 bytes 151 times 151000000
welcomed depth 18 1000000 bytes 131 times 131000000
welcomed depth 18 1000000 bytes 128 times 128000000
welcomed depth 18 1000000 bytes 111 times 111000000
welcomed depth 18 1000000 bytes 53 times 53000000
welcomed depth 18 1000000 bytes 191 times 191000000
welcomed depth 18 1000000 bytes 127 times 127000000
welcomed depth 18 1000000 bytes 98 times 98000000
welcomed depth 18 1000000 bytes 89 times 89000000
welcomed depth 18 1000000 bytes 174 times 174000000
welcomed depth 18 1000000 bytes 146 times 146000000
welcomed depth 18 1000000 bytes 106 times 106000000
welcomed depth 18 1000000 bytes 214 times 214000000
welcomed depth 18 1000000 bytes 145 times 145000000
welcomed depth 18 1000000 bytes 204 times 204000000
welcomed depth 18 1000000 bytes 147 times 147000000
welcomed depth 18 1000000 bytes 119 times 119000000
welcomed depth 18 1000000 bytes 169 times 169000000
welcomed depth 18 1000000 bytes 76 times 76000000
welcomed depth 18 1000000 bytes 117 times 117000000
welcomed depth 18 1000000 bytes 203 times 203000000
welcomed depth 18 1000000 bytes 144 times 144000000
welcomed depth 18 1000000 bytes 108 times 108000000
welcomed depth 18 1000000 bytes 168 times 168000000
welcomed depth 18 1000000 bytes 142 times 142000000
welcomed depth 18 1000000 bytes 138 times 138000000
welcomed depth 18 1000000 bytes 136 times 136000000
welcomed depth 18 1000000 bytes 166 times 166000000
welcomed depth 18 1000000 bytes 131 times 131000000
welcomed depth 18 1000000 bytes 166 times 166000000
welcomed depth 18 1000000 bytes 173 times 173000000
welcomed depth 18 1000000 bytes 113 times 113000000
welcomed depth 18 1000000 bytes 190 times 190000000
welcomed depth 18 1000000 bytes 173 times 173000000
welcomed depth 18 1000000 bytes 204 times 204000000
welcomed depth 18 1000000 bytes 151 times 151000000
welcomed depth 18 1000000 bytes 121 times 121000000
welcomed depth 18 1000000 bytes 129 times 129000000
welcomed depth 18 1000000 bytes 153 times 153000000
welcomed depth 18 1000000 bytes 178 times 178000000
welcomed depth 18 1000000 bytes 94 times 94000000
welcomed depth 18 1000000 bytes 120 times 120000000
welcomed depth 18 1000000 bytes 111 times 111000000
welcomed depth 18 1000000 bytes 135 times 135000000
welcomed depth 18 1000000 bytes 187 times 187000000
welcomed depth 18 1000000 bytes 134 times 134000000
welcomed depth 18 1000000 bytes 191 times 191000000
welcomed depth 18 1000000 bytes 87 times 87000000
welcomed depth 18 1000000 bytes 136 times 136000000
welcomed depth 18 1000000 bytes 185 times 185000000
welcomed depth 18 1000000 bytes 89 times 89000000
welcomed depth 18 1000000 bytes 174 times 174000000
welcomed depth 18 1000000 bytes 80 times 80000000
welcomed depth 18 1000000 bytes 143 times 143000000
welcomed depth 18 1000000 bytes 201 times 201000000
welcomed depth 18 1000000 bytes 150 times 150000000
welcomed depth 18 1000000 bytes 165 times 165000000
welcomed depth 18 1000000 bytes 158 times 158000000
welcomed depth 18 1000000 bytes 166 times 166000000
welcomed depth 18 1000000 bytes 142 times 142000000
welcomed depth 18 1000000 bytes 128 times 128000000
welcomed depth 18 1000000 bytes 167 times 167000000
welcomed depth 18 1000000 bytes 107 times 107000000
welcomed depth 18 1000000 bytes 137 times 137000000
welcomed depth 18 1000000 bytes 188 times 188000000
welcomed depth 18 1000000 bytes 141 times 141000000
welcomed depth 18 1000000 bytes 154 times 154000000
welcomed depth 18 1000000 bytes 183 times 183000000
welcomed depth 18 1000000 bytes 149 times 149000000
welcomed depth 18 1000000 bytes 155 times 155000000
welcomed depth 18 1000000 bytes 83 times 83000000
welcomed depth 18 1000000 bytes 109 times 109000000
welcomed depth 18 1000000 bytes 74 times 74000000
welcomed depth 18 1000000 bytes 153 times 153000000
welcomed depth 18 1000000 bytes 127 times 127000000
welcomed depth 18 1000000 bytes 154 times 154000000
welcomed depth 18 1000000 bytes 214 times 214000000
welcomed depth 18 1000000 bytes 146 times 146000000
welcomed depth 18 1000000 bytes 161 times 161000000
welcomed depth 18 1000000 bytes 139 times 139000000
welcomed depth 18 1000000 bytes 204 times 204000000
welcomed depth 18 1000000 bytes 147 times 147000000
welcomed depth 18 1000000 bytes 184 times 184000000
welcomed depth 18 1000000 bytes 154 times 154000000
welcomed depth 18 1000000 bytes 152 times 152000000
welcomed depth 18 1000000 bytes 145 times 145000000
welcomed depth 18 1000000 bytes 175 times 175000000
welcomed depth 18 1000000 bytes 127 times 127000000
welcomed depth 18 1000000 bytes 215 times 215000000
welcomed depth 18 1000000 bytes 154 times 154000000
welcomed depth 18 1000000 bytes 140 times 140000000
welcomed depth 18 1000000 bytes 141 times 141000000
welcomed depth 18 1000000 bytes 177 times 177000000
welcomed depth 18 1000000 bytes 80 times 80000000
welcomed depth 18 1000000 bytes 95 times 95000000
welcomed depth 18 1000000 bytes 166 times 166000000
welcomed depth 18 1000000 bytes 166 times 166000000
welcomed depth 18 1000000 bytes 137 times 137000000
welcomed depth 18 1000000 bytes 168 times 168000000
welcomed depth 18 1000000 bytes 135 times 135000000
welcomed depth 18 1000000 bytes 120 times 120000000
welcomed depth 18 1000000 bytes 48 times 48000000
welcomed depth 18 1000000 bytes 103 times 103000000
welcomed depth 18 1000000 bytes 156 times 156000000
welcomed depth 18 1000000 bytes 137 times 137000000
welcomed depth 18 1000000 bytes 140 times 140000000
welcomed depth 18 1000000 bytes 44 times 44000000
welcomed depth 18 1000000 bytes 185 times 185000000
welcomed depth 18 1000000 bytes 66 times 66000000
welcomed depth 18 1000000 bytes 88 times 88000000
welcomed depth 18 1000000 bytes 188 times 188000000
welcomed depth 18 1000000 bytes 130 times 130000000
welcomed depth 18 1000000 bytes 160 times 160000000
welcomed depth 18 1000000 bytes 98 times 98000000
welcomed depth 18 1000000 bytes 168 times 168000000
welcomed depth 18 1000000 bytes 89 times 89000000
welcomed depth 18 1000000 bytes 168 times 168000000
