welcomed depth 19 1000000 bytes 757 times 757000000
welcomed depth 19 1000000 bytes 686 times 686000000
welcomed depth 19 1000000 bytes 568 times 568000000
welcomed depth 19 1000000 bytes 787 times 787000000
welcomed depth 19 1000000 bytes 546 times 546000000
welcomed depth 19 1000000 bytes 763 times 763000000
welcomed depth 19 1000000 bytes 842 times 842000000
welcomed depth 19 1000000 bytes 667 times 667000000
welcomed depth 19 1000000 bytes 708 times 708000000
welcomed depth 19 1000000 bytes 765 times 765000000
welcomed depth 19 1000000 bytes 650 times 650000000
welcomed depth 19 1000000 bytes 381 times 381000000
welcomed depth 19 1000000 bytes 652 times 652000000
welcomed depth 19 1000000 bytes 569 times 569000000
welcomed depth 19 1000000 bytes 664 times 664000000
welcomed depth 19 1000000 bytes 771 times 771000000
welcomed depth 19 1000000 bytes 566 times 566000000
welcomed depth 19 1000000 bytes 786 times 786000000
welcomed depth 19 1000000 bytes 706 times 706000000
welcomed depth 19 1000000 bytes 821 times 821000000
welcomed depth 19 1000000 bytes 793 times 793000000
welcomed depth 19 1000000 bytes 675 times 675000000
welcomed depth 19 1000000 bytes 836 times 836000000
welcomed depth 19 1000000 bytes 698 times 698000000
welcomed depth 19 1000000 bytes 720 times 720000000
welcomed depth 19 1000000 bytes 701 times 701000000
welcomed depth 19 1000000 bytes 803 times 803000000
welcomed depth 19 1000000 bytes 571 times 571000000
welcomed depth 19 1000000 bytes 619 times 619000000
welcomed depth 19 1000000 bytes 681 times 681000000
welcomed depth 19 1000000 bytes 830 times 830000000
welcomed depth 19 1000000 bytes 856 times 856000000
welcomed depth 19 1000000 bytes 768 times 768000000
welcomed depth 19 1000000 bytes 659 times 659000000
welcomed depth 19 1000000 bytes 605 times 605000000
welcomed depth 19 1000000 bytes 614 times 614000000
welcomed depth 19 1000000 bytes 769 times 769000000
welcomed depth 19 1000000 bytes 632 times 632000000
welcomed depth 19 1000000 bytes 603 times 603000000
welcomed depth 19 1000000 bytes 694 times 694000000
welcomed depth 19 1000000 bytes 690 times 690000000
welcomed depth 19 1000000 bytes 709 times 709000000
welcomed depth 19 1000000 bytes 619 times 619000000
welcomed depth 19 1000000 bytes 674 times 674000000
welcomed depth 19 1000000 bytes 769 times 769000000
welcomed depth 19 1000000 bytes 822 times 822000000
welcomed depth 19 1000000 bytes 895 times 895000000
welcomed depth 19 1000000 bytes 776 times 776000000
