welcomed depth 18 10000000 bytes 13 times 130000000
welcomed depth 18 10000000 bytes 20 times 200000000
welcomed depth 18 10000000 bytes 16 times 160000000
welcomed depth 18 10000000 bytes 20 times 200000000
welcomed depth 18 10000000 bytes 19 times 190000000
welcomed depth 18 10000000 bytes 20 times 200000000
welcomed depth 18 10000000 bytes 15 times 150000000
welcomed depth 18 10000000 bytes 20 times 200000000
welcomed depth 18 10000000 bytes 16 times 160000000
welcomed depth 18 10000000 bytes 14 times 140000000
welcomed depth 18 10000000 bytes 16 times 160000000
welcomed depth 18 10000000 bytes 20 times 200000000
welcomed depth 18 10000000 bytes 16 times 160000000
welcomed depth 18 10000000 bytes 19 times 190000000
welcomed depth 18 10000000 bytes 16 times 160000000
welcomed depth 18 10000000 bytes 20 times 200000000
welcomed depth 18 10000000 bytes 14 times 140000000
welcomed depth 18 10000000 bytes 20 times 200000000
welcomed depth 18 10000000 bytes 15 times 150000000
welcomed depth 18 10000000 bytes 16 times 160000000
welcomed depth 18 10000000 bytes 14 times 140000000
