welcomed depth 17 1000000 bytes 17 times 17000000
welcomed depth 17 1000000 bytes 12 times 12000000
welcomed depth 17 1000000 bytes 10 times 10000000
welcomed depth 17 1000000 bytes 33 times 33000000
welcomed depth 17 1000000 bytes 35 times 35000000
welcomed depth 17 1000000 bytes 18 times 18000000
welcomed depth 17 1000000 bytes 12 times 12000000
welcomed depth 17 1000000 bytes 19 times 19000000
welcomed depth 17 1000000 bytes 29 times 29000000
welcomed depth 17 1000000 bytes 21 times 21000000
welcomed depth 17 1000000 bytes 20 times 20000000
welcomed depth 17 1000000 bytes 21 times 21000000
welcomed depth 17 1000000 bytes 18 times 18000000
welcomed depth 17 1000000 bytes 16 times 16000000
welcomed depth 17 1000000 bytes 23 times 23000000
welcomed depth 17 1000000 bytes 29 times 29000000
welcomed depth 17 1000000 bytes 23 times 23000000
welcomed depth 17 1000000 bytes 34 times 34000000
welcomed depth 17 1000000 bytes 15 times 15000000
welcomed depth 17 1000000 bytes 27 times 27000000
welcomed depth 17 1000000 bytes 36 times 36000000
welcomed depth 17 1000000 bytes 30 times 30000000
welcomed depth 17 1000000 bytes 17 times 17000000
welcomed depth 17 1000000 bytes 32 times 32000000
welcomed depth 17 1000000 bytes 8 times 8000000
welcomed depth 17 1000000 bytes 15 times 15000000
welcomed depth 17 1000000 bytes 28 times 28000000
welcomed depth 17 1000000 bytes 18 times 18000000
welcomed depth 17 1000000 bytes 9 times 9000000
welcomed depth 17 1000000 bytes 19 times 19000000
welcomed depth 17 1000000 bytes 15 times 15000000
welcomed depth 17 1000000 bytes 21 times 21000000
welcomed depth 17 1000000 bytes 27 times 27000000
welcomed depth 17 1000000 bytes 24 times 24000000
welcomed depth 17 1000000 bytes 25 times 25000000
welcomed depth 17 1000000 bytes 24 times 24000000
welcomed depth 17 1000000 bytes 28 times 28000000
welcomed depth 17 1000000 bytes 24 times 24000000
welcomed depth 17 1000000 bytes 19 times 19000000
welcomed depth 17 1000000 bytes 32 times 32000000
welcomed depth 17 1000000 bytes 17 times 17000000
welcomed depth 17 1000000 bytes 13 times 13000000
welcomed depth 17 1000000 bytes 18 times 18000000
welcomed depth 17 1000000 bytes 18 times 18000000
welcomed depth 17 1000000 bytes 25 times 25000000
welcomed depth 17 1000000 bytes 18 times 18000000
welcomed depth 17 1000000 bytes 29 times 29000000
welcomed depth 17 1000000 bytes 24 times 24000000
welcomed depth 17 1000000 bytes 27 times 27000000
welcomed depth 17 1000000 bytes 12 times 12000000
welcomed depth 17 1000000 bytes 21 times 21000000
welcomed depth 17 1000000 bytes 27 times 27000000
welcomed depth 17 1000000 bytes 26 times 26000000
welcomed depth 17 1000000 bytes 18 times 18000000
welcomed depth 17 1000000 bytes 29 times 29000000
welcomed depth 17 1000000 bytes 24 times 24000000
welcomed depth 17 1000000 bytes 32 times 32000000
welcomed depth 17 1000000 bytes 8 times 8000000
welcomed depth 17 1000000 bytes 9 times 9000000
welcomed depth 17 1000000 bytes 17 times 17000000
welcomed depth 17 1000000 bytes 21 times 21000000
welcomed depth 17 1000000 bytes 24 times 24000000
welcomed depth 17 1000000 bytes 33 times 33000000
welcomed depth 17 1000000 bytes 24 times 24000000
welcomed depth 17 1000000 bytes 16 times 16000000
welcomed depth 17 1000000 bytes 28 times 28000000
welcomed depth 17 1000000 bytes 17 times 17000000
welcomed depth 17 1000000 bytes 21 times 21000000
welcomed depth 17 1000000 bytes 14 times 14000000
welcomed depth 17 1000000 bytes 20 times 20000000
welcomed depth 17 1000000 bytes 25 times 25000000
welcomed depth 17 1000000 bytes 28 times 28000000
welcomed depth 17 1000000 bytes 28 times 28000000
welcomed depth 17 1000000 bytes 13 times 13000000
welcomed depth 17 1000000 bytes 16 times 16000000
welcomed depth 17 1000000 bytes 30 times 30000000
welcomed depth 17 1000000 bytes 25 times 25000000
welcomed depth 17 1000000 bytes 18 times 18000000
welcomed depth 17 1000000 bytes 12 times 12000000
welcomed depth 17 1000000 bytes 11 times 11000000
welcomed depth 17 1000000 bytes 16 times 16000000
welcomed depth 17 1000000 bytes 27 times 27000000
welcomed depth 17 1000000 bytes 25 times 25000000
welcomed depth 17 1000000 bytes 14 times 14000000
welcomed depth 17 1000000 bytes 21 times 21000000
welcomed depth 17 1000000 bytes 15 times 15000000
welcomed depth 17 1000000 bytes 33 times 33000000
welcomed depth 17 1000000 bytes 22 times 22000000
welcomed depth 17 1000000 bytes 8 times 8000000
welcomed depth 17 1000000 bytes 21 times 21000000
welcomed depth 17 1000000 bytes 21 times 21000000
welcomed depth 17 1000000 bytes 31 times 31000000
welcomed depth 17 1000000 bytes 32 times 32000000
welcomed depth 17 1000000 bytes 18 times 18000000
welcomed depth 17 1000000 bytes 19 times 19000000
welcomed depth 17 1000000 bytes 26 times 26000000
welcomed depth 17 1000000 bytes 40 times 40000000
welcomed depth 17 1000000 bytes 33 times 33000000
welcomed depth 17 1000000 bytes 15 times 15000000
welcomed depth 17 1000000 bytes 19 times 19000000
