welcomed depth 19 1000000 bytes 777 times 777000000
welcomed depth 19 1000000 bytes 794 times 794000000
welcomed depth 19 1000000 bytes 794 times 794000000
welcomed depth 19 1000000 bytes 719 times 719000000
welcomed depth 19 1000000 bytes 573 times 573000000
welcomed depth 19 1000000 bytes 670 times 670000000
welcomed depth 19 1000000 bytes 679 times 679000000
welcomed depth 19 1000000 bytes 757 times 757000000
welcomed depth 19 1000000 bytes 614 times 614000000
welcomed depth 19 1000000 bytes 687 times 687000000
welcomed depth 19 1000000 bytes 765 times 765000000
welcomed depth 19 1000000 bytes 752 times 752000000
welcomed depth 19 1000000 bytes 651 times 651000000
welcomed depth 19 1000000 bytes 534 times 534000000
welcomed depth 19 1000000 bytes 773 times 773000000
welcomed depth 19 1000000 bytes 792 times 792000000
welcomed depth 19 1000000 bytes 801 times 801000000
welcomed depth 19 1000000 bytes 877 times 877000000
welcomed depth 19 1000000 bytes 612 times 612000000
welcomed depth 19 1000000 bytes 896 times 896000000
welcomed depth 19 1000000 bytes 654 times 654000000
welcomed depth 19 1000000 bytes 542 times 542000000
welcomed depth 19 1000000 bytes 727 times 727000000
welcomed depth 19 1000000 bytes 750 times 750000000
welcomed depth 19 1000000 bytes 817 times 817000000
welcomed depth 19 1000000 bytes 700 times 700000000
welcomed depth 19 1000000 bytes 619 times 619000000
welcomed depth 19 1000000 bytes 867 times 867000000
welcomed depth 19 1000000 bytes 652 times 652000000
welcomed depth 19 1000000 bytes 772 times 772000000
welcomed depth 19 1000000 bytes 846 times 846000000
welcomed depth 19 1000000 bytes 850 times 850000000
welcomed depth 19 1000000 bytes 688 times 688000000
welcomed depth 19 1000000 bytes 622 times 622000000
welcomed depth 19 1000000 bytes 691 times 691000000
welcomed depth 19 1000000 bytes 735 times 735000000
welcomed depth 19 1000000 bytes 654 times 654000000
welcomed depth 19 1000000 bytes 532 times 532000000
welcomed depth 19 1000000 bytes 630 times 630000000
welcomed depth 19 1000000 bytes 516 times 516000000
welcomed depth 19 1000000 bytes 736 times 736000000
welcomed depth 19 1000000 bytes 655 times 655000000
welcomed depth 19 1000000 bytes 889 times 889000000
