welcomed depth 18 1000000 bytes 180 times 180000000
welcomed depth 18 1000000 bytes 162 times 162000000
welcomed depth 18 1000000 bytes 109 times 109000000
welcomed depth 18 1000000 bytes 171 times 171000000
welcomed depth 18 1000000 bytes 209 times 209000000
welcomed depth 18 1000000 bytes 114 times 114000000
welcomed depth 18 1000000 bytes 163 times 163000000
welcomed depth 18 1000000 bytes 161 times 161000000
welcomed depth 18 1000000 bytes 183 times 183000000
welcomed depth 18 1000000 bytes 130 times 130000000
welcomed depth 18 1000000 bytes 142 times 142000000
welcomed depth 18 1000000 bytes 154 times 154000000
welcomed depth 18 1000000 bytes 112 times 112000000
welcomed depth 18 1000000 bytes 185 times 185000000
welcomed depth 18 1000000 bytes 133 times 133000000
welcomed depth 18 1000000 bytes 134 times 134000000
welcomed depth 18 1000000 bytes 201 times 201000000
welcomed depth 18 1000000 bytes 72 times 72000000
welcomed depth 18 1000000 bytes 182 times 182000000
welcomed depth 18 1000000 bytes 91 times 91000000
welcomed depth 18 1000000 bytes 147 times 147000000
