creating stamp...
e8466d436f7ff1a376456c9a86ac05736d3aec1e303de6d924ec1a9f4cde9a48
-rw-rw-r-- 1 sig sig 10000000 Aug 20 08:34 /tmp/tmpuploadfile-1660984468
{"reference":"b03dc1a3850ed2f9d9c33d26b4c1240aa920bce3da231f91574e0acf49bfcec5"}
-rw-rw-r-- 1 sig sig 10000000 Aug 20 08:34 /tmp/tmpuploadfile-1660984472
{"reference":"585e564cb55c9c455e33e477ba0f5742b6cd35e23ed3377d967da7c67c68767f"}
-rw-rw-r-- 1 sig sig 10000000 Aug 20 08:34 /tmp/tmpuploadfile-1660984476
{"reference":"4e05ece43364384d10f82ee9930eeca8fa4548e725314c3214f6eca00cec3584"}
-rw-rw-r-- 1 sig sig 10000000 Aug 20 08:34 /tmp/tmpuploadfile-1660984479
{"reference":"3085610094e4f1dc2fa42fe0ae61815dacbee5de07ae1bf8aa626e503856738e"}
-rw-rw-r-- 1 sig sig 10000000 Aug 20 08:34 /tmp/tmpuploadfile-1660984483
{"reference":"f0bfea113b27d156170a147ea80c43334ae612a5aac67d03305e9177e9fe8215"}
-rw-rw-r-- 1 sig sig 10000000 Aug 20 08:34 /tmp/tmpuploadfile-1660984488
{"reference":"34f528e1a683799a45a75eac25891af934d81cc9f881f09f188b442ace5b7a6b"}
-rw-rw-r-- 1 sig sig 10000000 Aug 20 08:34 /tmp/tmpuploadfile-1660984492
{"reference":"4e2bde30b25aac2c42941d31d04570b865f7766cec5bd981630b47ffa45a6141"}
-rw-rw-r-- 1 sig sig 10000000 Aug 20 08:34 /tmp/tmpuploadfile-1660984497
{"reference":"38cc809e75571f86891d88e6e1b02296e0874c6eb7e37103476aac72e6235ff9"}
-rw-rw-r-- 1 sig sig 10000000 Aug 20 08:35 /tmp/tmpuploadfile-1660984504
{"reference":"ae256332cf9099f1a9ad94fff0e0365451d3b03abbad30204fe1c85b97805a92"}
-rw-rw-r-- 1 sig sig 10000000 Aug 20 08:35 /tmp/tmpuploadfile-1660984511
{"reference":"93e9308f69d85cd87a145834b1bb2964ee571ec0e8b83ae330da2be2cbc4a5c9"}
-rw-rw-r-- 1 sig sig 10000000 Aug 20 08:35 /tmp/tmpuploadfile-1660984518
{"reference":"ae8bac0d242dcc1258c91ce510830e8bc4c4e5adcb4a79c964efaa4fba1b0d4c"}
-rw-rw-r-- 1 sig sig 10000000 Aug 20 08:35 /tmp/tmpuploadfile-1660984526
{"message":"batch is overissued","code":402}
13
creating stamp...
ef0e38f9349bb1f27f31c652201b38c132a68a1f83aec791d6550e7d4541928c
-rw-rw-r-- 1 sig sig 10000000 Aug 20 08:36 /tmp/tmpuploadfile-1660984587
{"reference":"b16cc88d41add42fb4289a5f919a437f91f06ccc59b3928066b47af4a4b602a0"}
-rw-rw-r-- 1 sig sig 10000000 Aug 20 08:36 /tmp/tmpuploadfile-1660984597
{"reference":"4c03ab8895732012d6c98a0a4f03fbda2261cdf92b30e1c120bdb607f2cfa5e5"}
-rw-rw-r-- 1 sig sig 10000000 Aug 20 08:36 /tmp/tmpuploadfile-1660984606
{"reference":"ddc26613cc721c82bb2f7101870715bf7b959cc2eded6d184d8800dccb150194"}
-rw-rw-r-- 1 sig sig 10000000 Aug 20 08:36 /tmp/tmpuploadfile-1660984616
{"reference":"9734adf42897670773cdf19c2b2974f686587de28108efaaaa9c6c3151cea92f"}
-rw-rw-r-- 1 sig sig 10000000 Aug 20 08:37 /tmp/tmpuploadfile-1660984627
{"reference":"a6efce3e722a59505796e4975f8ccbf445bd6b2a2d98d7cda74cd710caa3d579"}
-rw-rw-r-- 1 sig sig 10000000 Aug 20 08:37 /tmp/tmpuploadfile-1660984638
{"reference":"604d44ce872db44cea9a868abec1d3f03becc1492ec892d754171cbd8bbb9921"}
-rw-rw-r-- 1 sig sig 10000000 Aug 20 08:37 /tmp/tmpuploadfile-1660984649
{"reference":"820123212ab9e417cbcd41459af372bcbb82862a19abac03cf0836a72b300fef"}
-rw-rw-r-- 1 sig sig 10000000 Aug 20 08:37 /tmp/tmpuploadfile-1660984662
{"reference":"beb9efa06659ad36508267d692b1fec2d7c61c13423ff47264d8b70a8b80cf3c"}
-rw-rw-r-- 1 sig sig 10000000 Aug 20 08:37 /tmp/tmpuploadfile-1660984674
{"reference":"829eddbefc2c3dfca57433ccaa847886e1c6b0359673830c9ca4bdc463517960"}
-rw-rw-r-- 1 sig sig 10000000 Aug 20 08:38 /tmp/tmpuploadfile-1660984688
{"reference":"f4ad5da72e7d6f6d3fef31c4e64d7fce2d2a464240456c3054cf3620e29f03c8"}
-rw-rw-r-- 1 sig sig 10000000 Aug 20 08:38 /tmp/tmpuploadfile-1660984702
{"reference":"40faf2ba0154e83753dd26ee786ffe581a54803ca9b00e01bd4befc4b7658fc4"}
-rw-rw-r-- 1 sig sig 10000000 Aug 20 08:38 /tmp/tmpuploadfile-1660984718
{"reference":"430ee4a59c196a9d11310d3af211e0d2d14c00de94ce386301a4a8931d961567"}
-rw-rw-r-- 1 sig sig 10000000 Aug 20 08:38 /tmp/tmpuploadfile-1660984733
{"reference":"04fc52a226fc3bc21eb6ed741452ed5154ee9ac9b824410e27661e8a48b40eb4"}
-rw-rw-r-- 1 sig sig 10000000 Aug 20 08:39 /tmp/tmpuploadfile-1660984750
{"reference":"95fdc9869428b00fae120339239359a7d60c2769cab6c8b831e08fdb19eede84"}
-rw-rw-r-- 1 sig sig 10000000 Aug 20 08:39 /tmp/tmpuploadfile-1660984766
{"reference":"3caa4f0143aca1391c1679591d58f4118b07d9060217d259bc7faeeb7510c9d5"}
-rw-rw-r-- 1 sig sig 10000000 Aug 20 08:39 /tmp/tmpuploadfile-1660984781
{"reference":"1aa6fa34ba18fc5be13b96d4add60df99f4f59bdb1c8acf340b687655cd1be23"}
-rw-rw-r-- 1 sig sig 10000000 Aug 20 08:39 /tmp/tmpuploadfile-1660984796
{"reference":"3129c0f68039b134563799d5f8ccfd390e46f5dc39b14af1a6d6a44e99597bdd"}
-rw-rw-r-- 1 sig sig 10000000 Aug 20 08:40 /tmp/tmpuploadfile-1660984810
{"reference":"bcd948a6d9e593b238eb1b1f77d3a6a87191f24b250f6c7c08c99754ffab17b7"}
-rw-rw-r-- 1 sig sig 10000000 Aug 20 08:40 /tmp/tmpuploadfile-1660984824
{"message":"batch is overissued","code":402}
20
creating stamp...
1585738322318369de4ea9a1e85f5b92db8cc362010cccab96414d2a61505250
-rw-rw-r-- 1 sig sig 10000000 Aug 20 08:41 /tmp/tmpuploadfile-1660984888
{"reference":"f8df4c9d4876a56fab39f4427dc67b3b633b4a9df13e639db84c9f46b28e78f6"}
-rw-rw-r-- 1 sig sig 10000000 Aug 20 08:41 /tmp/tmpuploadfile-1660984900
{"reference":"de0033cfd503c36552f2f0de104fb52aad4dc86be19ea49ce625d0529990a865"}
-rw-rw-r-- 1 sig sig 10000000 Aug 20 08:41 /tmp/tmpuploadfile-1660984912
{"reference":"1754115333bdc6689e34a25086eebdb5046a5312149eb64a0160f1aa5115cc46"}
-rw-rw-r-- 1 sig sig 10000000 Aug 20 08:42 /tmp/tmpuploadfile-1660984924
{"reference":"c2de854c5bcd28548e54c164a2d0d25f42ad6401413422c2206bc89e40f50d04"}
-rw-rw-r-- 1 sig sig 10000000 Aug 20 08:42 /tmp/tmpuploadfile-1660984936
{"reference":"a369ea54c4773dd2321462db94c8e476a9a09484924a949679e83c2d85743c63"}
-rw-rw-r-- 1 sig sig 10000000 Aug 20 08:42 /tmp/tmpuploadfile-1660984949
{"reference":"00352e8ded6263925c988e48a28f61cc2ae912a579bdc67205bb6b1bed801bf2"}
-rw-rw-r-- 1 sig sig 10000000 Aug 20 08:42 /tmp/tmpuploadfile-1660984960
{"reference":"6aa8a72e2e0c110229225672abd1dd84ab91fdd7aba459aa077daa554a58ad85"}
-rw-rw-r-- 1 sig sig 10000000 Aug 20 08:42 /tmp/tmpuploadfile-1660984973
{"reference":"1b9ed4ea3b76c076bebffdb65db7128b383842aead18f69c9772ff97b1f3c793"}
-rw-rw-r-- 1 sig sig 10000000 Aug 20 08:43 /tmp/tmpuploadfile-1660984984
{"reference":"085fadf13c931d3daebf88b9401eddb44cdbde1c48c9b78c455354b85df2d34e"}
-rw-rw-r-- 1 sig sig 10000000 Aug 20 08:43 /tmp/tmpuploadfile-1660984997
{"reference":"3e9fe8fd6e31c35f737c6ac78b0f1ad7028f7ff486a1a50814d4192aef1ce649"}
-rw-rw-r-- 1 sig sig 10000000 Aug 20 08:43 /tmp/tmpuploadfile-1660985009
{"reference":"b5456f0a774da6e4ab9c88dd20ad2624e7e1e835f9d13c9e1058adc71a7f771d"}
-rw-rw-r-- 1 sig sig 10000000 Aug 20 08:43 /tmp/tmpuploadfile-1660985022
{"reference":"a057f98dbd225be801172c6e0b40a09f9c84b2b8591cf393beca709f4b02e74b"}
-rw-rw-r-- 1 sig sig 10000000 Aug 20 08:43 /tmp/tmpuploadfile-1660985034
{"reference":"6661362dcf9a5c9bbed688da5c8383f456f1068540ab05bf55fe00c7af0032a1"}
-rw-rw-r-- 1 sig sig 10000000 Aug 20 08:44 /tmp/tmpuploadfile-1660985047
{"reference":"236c460910ad3e3b3120c2617906a03f493a2ccfbb1106515c1ca01690961114"}
-rw-rw-r-- 1 sig sig 10000000 Aug 20 08:44 /tmp/tmpuploadfile-1660985060
{"message":"batch is overissued","code":402}
16
creating stamp...
4248ed9428d058765a4720412d74e030340a3706af8ccda5f35ed8aeec635148
-rw-rw-r-- 1 sig sig 10000000 Aug 20 08:45 /tmp/tmpuploadfile-1660985144
{"reference":"a02a34dd131319cebf6899ae1479924283b583ac69c6738581b2be20a1999933"}
-rw-rw-r-- 1 sig sig 10000000 Aug 20 08:45 /tmp/tmpuploadfile-1660985153
{"reference":"e5d1ef9b23bb263e529e0a245592207558bbb73d2e798a94b7d715364d0a0eb3"}
-rw-rw-r-- 1 sig sig 10000000 Aug 20 08:46 /tmp/tmpuploadfile-1660985164
{"reference":"80267e2de0ea483bfd02c4f12babd76c1259eb9dea825082ffa94da7fd99833b"}
-rw-rw-r-- 1 sig sig 10000000 Aug 20 08:46 /tmp/tmpuploadfile-1660985176
{"reference":"5d7f5722e3bfa27e898256456941350b2e96561c5e64a014fbe034d8d769ba0c"}
-rw-rw-r-- 1 sig sig 10000000 Aug 20 08:46 /tmp/tmpuploadfile-1660985188
{"reference":"7bccbcddc042eba6fc4bdd597ca7c4a479e4b3e62bad1ea5d2e9f12ee84b7cd6"}
-rw-rw-r-- 1 sig sig 10000000 Aug 20 08:46 /tmp/tmpuploadfile-1660985201
{"reference":"e30e4291749958b43c7717a5501d4f2e5255a3a1d83e27c2356a1144270e849c"}
-rw-rw-r-- 1 sig sig 10000000 Aug 20 08:46 /tmp/tmpuploadfile-1660985213
{"reference":"9bddcf417d9e944a5f14adc28cf0612542499814e7e224e379e2ce028e8e58d8"}
-rw-rw-r-- 1 sig sig 10000000 Aug 20 08:47 /tmp/tmpuploadfile-1660985226
{"reference":"184cf645ac833dac027ee341d158c328aaadf6032cd9c8d2367c14cf436a4176"}
-rw-rw-r-- 1 sig sig 10000000 Aug 20 08:47 /tmp/tmpuploadfile-1660985239
{"reference":"ab1135dd80a3f7ee17f8d5d608dfd67af84ccdc2a47839b3df1ab875cff8ec00"}
-rw-rw-r-- 1 sig sig 10000000 Aug 20 08:47 /tmp/tmpuploadfile-1660985251
{"reference":"ea58cebe5d8f37b1e030a2e48b5447b49645be0a957a8ab0cdb86efd845e4dc6"}
-rw-rw-r-- 1 sig sig 10000000 Aug 20 08:47 /tmp/tmpuploadfile-1660985264
{"reference":"a428bdf8a219379861729a6180953022b113c5731e9ff4ce98df011a29f2ed9e"}
-rw-rw-r-- 1 sig sig 10000000 Aug 20 08:47 /tmp/tmpuploadfile-1660985276
{"reference":"4d826bea2f37f0ec172d78e39eeacb981d3705eeda58660c176b3ad5ee047b0b"}
-rw-rw-r-- 1 sig sig 10000000 Aug 20 08:48 /tmp/tmpuploadfile-1660985289
{"reference":"0c8d237918236c797fe84f7ef9b2d3717d543b159dc5028e5a27e0feb5447012"}
-rw-rw-r-- 1 sig sig 10000000 Aug 20 08:48 /tmp/tmpuploadfile-1660985300
{"reference":"1084414d50e247ff8e7114fa735b4d846f6dfef2186eaa1eaf6a2c89faf7a9d0"}
-rw-rw-r-- 1 sig sig 10000000 Aug 20 08:48 /tmp/tmpuploadfile-1660985314
{"reference":"aa887d10a981e6cb1ae7f75227407b33edc9aa7c1a93c1e9292cfb490a1b82d4"}
-rw-rw-r-- 1 sig sig 10000000 Aug 20 08:48 /tmp/tmpuploadfile-1660985326
{"reference":"2454192ef9caaf9b092028e9efef188e55d2e1c65f3ddd5a5dda25a816ae6fd7"}
-rw-rw-r-- 1 sig sig 10000000 Aug 20 08:48 /tmp/tmpuploadfile-1660985338
{"reference":"be9a739c099fbaf576d9ab4937c826a3e5858b4c384c4d9fb00f2fabf82218ab"}
-rw-rw-r-- 1 sig sig 10000000 Aug 20 08:49 /tmp/tmpuploadfile-1660985351
{"reference":"7c67a21d21910af46eb2746ed94b948b942d30f3dc60e6d1751d5b8fd5734d6d"}
-rw-rw-r-- 1 sig sig 10000000 Aug 20 08:49 /tmp/tmpuploadfile-1660985364
{"message":"batch is overissued","code":402}
20
creating stamp...
ef3ddf87566884d569dfac211227741b13580e7a2b8fc82e20f79475c3b7c286
-rw-rw-r-- 1 sig sig 10000000 Aug 20 08:50 /tmp/tmpuploadfile-1660985443
{"reference":"ef308f24bd03cecac511cb11d145b95d88db592372d97f069e2e0012514072c3"}
-rw-rw-r-- 1 sig sig 10000000 Aug 20 08:50 /tmp/tmpuploadfile-1660985455
{"reference":"1840ef206e5e5ac4ca55731b4fee1fe2a4dad627c5b1d65425a773a6da916e09"}
-rw-rw-r-- 1 sig sig 10000000 Aug 20 08:51 /tmp/tmpuploadfile-1660985469
{"reference":"ed4d443d96d95c8185b2afeb8b4bbd9aa05309bd48213612565965357f97ef5a"}
-rw-rw-r-- 1 sig sig 10000000 Aug 20 08:51 /tmp/tmpuploadfile-1660985482
{"reference":"0ed9825b1418ad20f111741f7fc1b977f8f62f42032be1f952c81f09863c51a4"}
-rw-rw-r-- 1 sig sig 10000000 Aug 20 08:51 /tmp/tmpuploadfile-1660985494
{"reference":"eafbe1ddb9fe2110e9069b6415e3c6862922b836885268714ce760278534e263"}
-rw-rw-r-- 1 sig sig 10000000 Aug 20 08:51 /tmp/tmpuploadfile-1660985507
{"reference":"e760134fd758270ff45b7ae6093d82468caffa206d9cf609c1fbee9e19909627"}
-rw-rw-r-- 1 sig sig 10000000 Aug 20 08:51 /tmp/tmpuploadfile-1660985519
{"reference":"b97e9c6d7e4d7463cc2a998b9860bb7ed5907d137466463be949e1bc780d07cd"}
-rw-rw-r-- 1 sig sig 10000000 Aug 20 08:52 /tmp/tmpuploadfile-1660985533
{"reference":"836f995d889bae4481483e147e1fbc15d3e26378aa5a59dba1078aaed7444058"}
-rw-rw-r-- 1 sig sig 10000000 Aug 20 08:52 /tmp/tmpuploadfile-1660985546
{"reference":"423ca1e10daa945a4121bd89b872e0a79821a355c4845d0839da14b6942d8b2a"}
-rw-rw-r-- 1 sig sig 10000000 Aug 20 08:52 /tmp/tmpuploadfile-1660985558
{"reference":"902dd5651efde1bf0df2cf663e714ce76b25cc74e420565ada620ffc36377fcd"}
-rw-rw-r-- 1 sig sig 10000000 Aug 20 08:52 /tmp/tmpuploadfile-1660985571
{"reference":"3ec70c6586835d4d8fe1081b72c22cc2ac8b026da4bd0175f8acf4401846db90"}
-rw-rw-r-- 1 sig sig 10000000 Aug 20 08:53 /tmp/tmpuploadfile-1660985583
{"reference":"015a36f3faa387d0443bda18996da7b3f1c5e736bb3a0c5c317c7657b04f593a"}
-rw-rw-r-- 1 sig sig 10000000 Aug 20 08:53 /tmp/tmpuploadfile-1660985596
{"reference":"33b7e29acd674dbb8abb5dd5ebf16b4a74f859d7d05237c2af91a94b7d48aa60"}
-rw-rw-r-- 1 sig sig 10000000 Aug 20 08:53 /tmp/tmpuploadfile-1660985609
{"reference":"8467a5be1933f5e63370d19a8032e40f5f594ccf515447166729f1569dbb4816"}
-rw-rw-r-- 1 sig sig 10000000 Aug 20 08:53 /tmp/tmpuploadfile-1660985623
{"reference":"1a99d5226530bcf4d5c55865d2294c4e27a392d12896dd07acca35f3b9e53316"}
-rw-rw-r-- 1 sig sig 10000000 Aug 20 08:53 /tmp/tmpuploadfile-1660985636
{"reference":"23463001eafe09d4b754718174b79adfd6a30917b56f98ad603fdde7c4b96ac8"}
-rw-rw-r-- 1 sig sig 10000000 Aug 20 08:54 /tmp/tmpuploadfile-1660985649
{"reference":"722383ea363dfbbe677b3fedd58cc0f54d2f50dbb4a6663216ca9ec28f19a5e5"}
-rw-rw-r-- 1 sig sig 10000000 Aug 20 08:54 /tmp/tmpuploadfile-1660985662
{"message":"batch is overissued","code":402}
19
creating stamp...
2935fbc3865379b2ff9e609a21e8a5568be788eed5731423268498beb5031db4
-rw-rw-r-- 1 sig sig 10000000 Aug 20 08:55 /tmp/tmpuploadfile-1660985744
{"reference":"d1c2b2b59ee65f84baafc80fafd93be2971d8ba3437953122ed139e773bc4848"}
-rw-rw-r-- 1 sig sig 10000000 Aug 20 08:55 /tmp/tmpuploadfile-1660985757
{"reference":"bb23ac1fba3a46b467334e327f7c6de671e3b5c4717702031cbbfd7a4d44334c"}
-rw-rw-r-- 1 sig sig 10000000 Aug 20 08:56 /tmp/tmpuploadfile-1660985770
{"reference":"ddba9067caf2c760a9708b14a0453d0dd1447425235c98e15e52c580e9b393d1"}
-rw-rw-r-- 1 sig sig 10000000 Aug 20 08:56 /tmp/tmpuploadfile-1660985783
{"reference":"023cf6509c2a191d7bd0472cba498921f897c82b4493cbc6ce0b27a579f8cd8a"}
-rw-rw-r-- 1 sig sig 10000000 Aug 20 08:56 /tmp/tmpuploadfile-1660985795
{"reference":"c7001bc2c9426959361b032627ea1af4d3bdfbb3d5dd4d92a1c23ee2bd7145d6"}
-rw-rw-r-- 1 sig sig 10000000 Aug 20 08:56 /tmp/tmpuploadfile-1660985808
{"reference":"480c1425c19df7e0f18196d9296d8bd6e226b2aea251b84d2843bdd183d62363"}
-rw-rw-r-- 1 sig sig 10000000 Aug 20 08:57 /tmp/tmpuploadfile-1660985821
{"reference":"34db7cfa38381d4f44b759d347b41fde86b53d1a5c0642f0c03376fab46e5da2"}
-rw-rw-r-- 1 sig sig 10000000 Aug 20 08:57 /tmp/tmpuploadfile-1660985834
{"reference":"10e4401b28e11db8bf6ea85468043025678263a2edbc908ad899873053553c87"}
-rw-rw-r-- 1 sig sig 10000000 Aug 20 08:57 /tmp/tmpuploadfile-1660985846
{"reference":"be1892379fb770880539ba5a42d996d90a2561a49218bfcb7be187ef2bbfb1b7"}
-rw-rw-r-- 1 sig sig 10000000 Aug 20 08:57 /tmp/tmpuploadfile-1660985859
{"reference":"bba30cc3110238a011268f95e81e51a60f11e81dbc04a16291777b406be92877"}
-rw-rw-r-- 1 sig sig 10000000 Aug 20 08:57 /tmp/tmpuploadfile-1660985872
{"reference":"23cda4218d2660231e82b9a016442e58e98b8d4cf8caa7d4b3c0cc9041891068"}
-rw-rw-r-- 1 sig sig 10000000 Aug 20 08:58 /tmp/tmpuploadfile-1660985885
{"reference":"41742f295c641b5eeb2d1e80bc7b8d6ab2a3836bba9c9dd20c300490bcdfe9e6"}
-rw-rw-r-- 1 sig sig 10000000 Aug 20 08:58 /tmp/tmpuploadfile-1660985898
{"reference":"91ef48e6e3788cd3f34c41615ceeb43e13b84ebc14ec4c4316d6ddc163b75b80"}
-rw-rw-r-- 1 sig sig 10000000 Aug 20 08:58 /tmp/tmpuploadfile-1660985910
{"reference":"2a52565677dce83341ad8f6bc12852713e0e7b8effec13599b33c0d8d0e945be"}
-rw-rw-r-- 1 sig sig 10000000 Aug 20 08:58 /tmp/tmpuploadfile-1660985922
{"reference":"5a2d2f13463a66f1647fa6f2c726a7e73793b6eb6e0a463235b22bc8b2386866"}
-rw-rw-r-- 1 sig sig 10000000 Aug 20 08:58 /tmp/tmpuploadfile-1660985934
{"reference":"fb71d85de8d47fce43ec22c4a7221d1f54d2c560dc951d9a67efb21cae2f2a87"}
-rw-rw-r-- 1 sig sig 10000000 Aug 20 08:59 /tmp/tmpuploadfile-1660985947
{"reference":"13c028e5f3c33f4293251be59e092c372a616c49f361c4b998777df06fbadf70"}
-rw-rw-r-- 1 sig sig 10000000 Aug 20 08:59 /tmp/tmpuploadfile-1660985959
{"reference":"ff8b24b16a480afebb30f58a9f9483a3ee1b9b3c80848053a0e3cd8eb0048c0c"}
-rw-rw-r-- 1 sig sig 10000000 Aug 20 08:59 /tmp/tmpuploadfile-1660985972
{"message":"batch is overissued","code":402}
20
creating stamp...
4d5b5cdb8490ba7048f1fae651a1741be493dcf6dfb0e316be30da0f1fb8036a
-rw-rw-r-- 1 sig sig 10000000 Aug 20 09:00 /tmp/tmpuploadfile-1660986058
{"reference":"eff86ddc7f449c3ee8e73be5796b3d4fcdc11d622f635437f24f23430133d0ba"}
-rw-rw-r-- 1 sig sig 10000000 Aug 20 09:01 /tmp/tmpuploadfile-1660986071
{"reference":"5431dc041c2e7ce33eca5f91cd2a03c4408b14069157a38117a991ab186b81c1"}
-rw-rw-r-- 1 sig sig 10000000 Aug 20 09:01 /tmp/tmpuploadfile-1660986085
{"reference":"d246bbdea687ce0d6de445b8057b0a4bc33cdc703f4d975e635cbf061936cbb6"}
-rw-rw-r-- 1 sig sig 10000000 Aug 20 09:01 /tmp/tmpuploadfile-1660986098
{"reference":"4fa1b5b433d8eb110601e5c2aa2385bc5f02ddee93c248d1f616d3bb874e1f98"}
-rw-rw-r-- 1 sig sig 10000000 Aug 20 09:01 /tmp/tmpuploadfile-1660986112
{"reference":"d4e1a97f6a670d42d3feaacde1e1bc5c80692bc6c9510f0237bf32a446966211"}
-rw-rw-r-- 1 sig sig 10000000 Aug 20 09:02 /tmp/tmpuploadfile-1660986126
{"reference":"ac460167f58967b63da2fd1c1f49b5b4979394b1fd409d87add34fe1369ed1e3"}
-rw-rw-r-- 1 sig sig 10000000 Aug 20 09:02 /tmp/tmpuploadfile-1660986139
{"reference":"5dfbba494111c68d7f0eb68c9ee293f645b8eaa6a872c25662f46cddd0b8797c"}
-rw-rw-r-- 1 sig sig 10000000 Aug 20 09:02 /tmp/tmpuploadfile-1660986152
{"reference":"59e9c9df3b22ab1ba500470efcdb46e67700282448bc5c4bf6cb8424db2f79fe"}
-rw-rw-r-- 1 sig sig 10000000 Aug 20 09:02 /tmp/tmpuploadfile-1660986164
{"reference":"da9dc6f011a08c60f5e6e54fbd4cbfbc7282969fbb019b969f8955d8e799b7c8"}
-rw-rw-r-- 1 sig sig 10000000 Aug 20 09:02 /tmp/tmpuploadfile-1660986176
{"reference":"0caf21b96d83fb36cfd58609bd5911cf6181896d6674f8d32dc5d87e5a93a7ad"}
-rw-rw-r-- 1 sig sig 10000000 Aug 20 09:03 /tmp/tmpuploadfile-1660986188
{"reference":"21fba6a959d518fd913a74601d71d4d7f8a7063f6126bc7cd1a4af9e1be5e902"}
-rw-rw-r-- 1 sig sig 10000000 Aug 20 09:03 /tmp/tmpuploadfile-1660986201
{"reference":"d01ce57c5dd7db58f0cf0930e0226d459e00c977b6dfb2d34c052265235f21e3"}
-rw-rw-r-- 1 sig sig 10000000 Aug 20 09:03 /tmp/tmpuploadfile-1660986212
{"reference":"c5181519c4bdd2a8f402cfadcbd740463a00aa04a64d08471ff46ed8c7c15219"}
-rw-rw-r-- 1 sig sig 10000000 Aug 20 09:03 /tmp/tmpuploadfile-1660986224
{"message":"batch is overissued","code":402}
15
creating stamp...
ccf80095207b87f05c30a61ccc8d43ee897581d1b603d8e787c584071a1a44f3
-rw-rw-r-- 1 sig sig 10000000 Aug 20 09:04 /tmp/tmpuploadfile-1660986299
{"reference":"04affe4f6b508f21576b00dbdf408f06490f0675c0becb3b2d937c0fc039077f"}
-rw-rw-r-- 1 sig sig 10000000 Aug 20 09:05 /tmp/tmpuploadfile-1660986312
{"reference":"1c15f6e8cfa2a5f778ea16b1d44cc9bd34b5d54fa9e18277a11a2c22705e6bac"}
-rw-rw-r-- 1 sig sig 10000000 Aug 20 09:05 /tmp/tmpuploadfile-1660986323
{"reference":"5ee1e5526d81f087ba64b5db53010728a73d7b47e1c3f4714c44c41fce46c44e"}
-rw-rw-r-- 1 sig sig 10000000 Aug 20 09:05 /tmp/tmpuploadfile-1660986335
{"reference":"11f90c36777836ee97c5b6c697f5a033493fc43328fe37bdc5e3e1f6c278f151"}
-rw-rw-r-- 1 sig sig 10000000 Aug 20 09:05 /tmp/tmpuploadfile-1660986347
{"reference":"575f189fb710b8ae4a84ef66bd0fcc6b7e6bc5c5c3cb612ca10113c4e9d07d37"}
-rw-rw-r-- 1 sig sig 10000000 Aug 20 09:06 /tmp/tmpuploadfile-1660986361
{"reference":"8f35369466b57a0f463dee844c80d4ca51ed67ee6b310312814bd562889cea5e"}
-rw-rw-r-- 1 sig sig 10000000 Aug 20 09:06 /tmp/tmpuploadfile-1660986374
{"reference":"3b25c40a9a4b35e42d11efbcb9db5c24a8c601567a6fc86b6c1ab8e286c3ddfa"}
-rw-rw-r-- 1 sig sig 10000000 Aug 20 09:06 /tmp/tmpuploadfile-1660986387
{"reference":"d6c0f2ef9abc432e653ac2cef481eeaab1c49d3f990001aae3989b85b13450a1"}
-rw-rw-r-- 1 sig sig 10000000 Aug 20 09:06 /tmp/tmpuploadfile-1660986400
{"reference":"ab8185367e9ef4109e41854e414298dd59ded4b13adaa07dce4edd90065c3deb"}
-rw-rw-r-- 1 sig sig 10000000 Aug 20 09:06 /tmp/tmpuploadfile-1660986413
{"reference":"9501f4ce712d46f91f3101fa57aba86d52179dca79025ae2b496db5d977cdf8d"}
-rw-rw-r-- 1 sig sig 10000000 Aug 20 09:07 /tmp/tmpuploadfile-1660986427
{"reference":"874ada6c213a4e5f6a8a8b8a416f8c364d3f25b66d1993e635e14e573bfec7e2"}
-rw-rw-r-- 1 sig sig 10000000 Aug 20 09:07 /tmp/tmpuploadfile-1660986440
{"reference":"8571c4be68bf7254d56a33bce9cb2bd910ff5bf375ad5bee57a6049d85013093"}
-rw-rw-r-- 1 sig sig 10000000 Aug 20 09:07 /tmp/tmpuploadfile-1660986452
{"reference":"f4f786d19d4f84e3a0f716092ebbc740453ddb0392f08927d5f27abe3a5253d1"}
-rw-rw-r-- 1 sig sig 10000000 Aug 20 09:07 /tmp/tmpuploadfile-1660986466
{"reference":"f06d0f9bc7493260ff8af79b2a320d42904b6ff91d7ac88830335eac0911ae54"}
-rw-rw-r-- 1 sig sig 10000000 Aug 20 09:07 /tmp/tmpuploadfile-1660986478
{"reference":"4b2e69cba367d765ba3be428d0113457c006289b15c2afe2a1432f8325504b07"}
-rw-rw-r-- 1 sig sig 10000000 Aug 20 09:08 /tmp/tmpuploadfile-1660986492
{"reference":"1db19fa532759bf0442a722778f8011abed3f6222e7a3ae03598f1da8b944665"}
-rw-rw-r-- 1 sig sig 10000000 Aug 20 09:08 /tmp/tmpuploadfile-1660986506
{"reference":"f5b6551b66c8d38b52f305bd0007a7e4e2e6a81edb84d2ed77e55f3b2000b872"}
-rw-rw-r-- 1 sig sig 10000000 Aug 20 09:08 /tmp/tmpuploadfile-1660986518
{"reference":"f7bb73877fc613e59d930332cba72e243de7ec628b07ca1e9369c24651ed24bf"}
-rw-rw-r-- 1 sig sig 10000000 Aug 20 09:08 /tmp/tmpuploadfile-1660986531
{"message":"batch is overissued","code":402}
20
creating stamp...
e7da33ed952e3f2d8bf7a0c1ba0d5585ce30519a7a1e39446c76957aabb47001
-rw-rw-r-- 1 sig sig 10000000 Aug 20 09:10 /tmp/tmpuploadfile-1660986613
{"reference":"2fb6e9681badd2425b9a66466dabb1a480744d3be2bd90a7a5984c201269d1a4"}
-rw-rw-r-- 1 sig sig 10000000 Aug 20 09:10 /tmp/tmpuploadfile-1660986626
{"reference":"b12f597fd32247ffa03545196af20a4a251bdb2f0351b35c9e44bc28247d2211"}
-rw-rw-r-- 1 sig sig 10000000 Aug 20 09:10 /tmp/tmpuploadfile-1660986637
{"reference":"27eb3d9f01adde8949019122cdfe3f721751aab01fdeb10d8a00107893c00e8f"}
-rw-rw-r-- 1 sig sig 10000000 Aug 20 09:10 /tmp/tmpuploadfile-1660986649
{"reference":"30a0873c65f039a7afbc9e4e91efb2d583fa76e782293d70430acc2976adf357"}
-rw-rw-r-- 1 sig sig 10000000 Aug 20 09:11 /tmp/tmpuploadfile-1660986661
{"reference":"49801ceb5c46eb650343da80bd733ec7ad805aa3981743a4a79cdf5be9d7fac4"}
-rw-rw-r-- 1 sig sig 10000000 Aug 20 09:11 /tmp/tmpuploadfile-1660986674
{"reference":"671dc84e1d18ff72a657ab29a3beff35a602eeb927afc06453b2a6acbb6d0349"}
-rw-rw-r-- 1 sig sig 10000000 Aug 20 09:11 /tmp/tmpuploadfile-1660986686
{"reference":"dd98569aa53b1673a4ef2c04ed75df9ff405145e25204146d7565b13b08351fb"}
-rw-rw-r-- 1 sig sig 10000000 Aug 20 09:11 /tmp/tmpuploadfile-1660986698
{"reference":"e4c218eeb348e57e0cb263855f7be2e2fecf39f2b7feefdb16ed624a599e28dc"}
-rw-rw-r-- 1 sig sig 10000000 Aug 20 09:11 /tmp/tmpuploadfile-1660986710
{"reference":"fa3059462d0988bb24ed594eda699b53a09d72441fdd5826fa1437a42fff9085"}
-rw-rw-r-- 1 sig sig 10000000 Aug 20 09:12 /tmp/tmpuploadfile-1660986723
{"reference":"08246b66d5596db49ad07e29b57e12da64246b803dd94f423a12232df146a0d2"}
-rw-rw-r-- 1 sig sig 10000000 Aug 20 09:12 /tmp/tmpuploadfile-1660986735
{"reference":"d85206f702b19a6af9c68b083067da1c712a713b7cc7e1bb0f70ac764963ec65"}
-rw-rw-r-- 1 sig sig 10000000 Aug 20 09:12 /tmp/tmpuploadfile-1660986747
{"reference":"4f9ee1c710cf1d19144a256ace5b4d25485b5f99d45cfc8a1cbf64cb3731a05c"}
-rw-rw-r-- 1 sig sig 10000000 Aug 20 09:12 /tmp/tmpuploadfile-1660986759
{"reference":"c3cb4afbf03a47d986df0dcb6ba06c3af36972965809ea1e7eef6025a65eb911"}
-rw-rw-r-- 1 sig sig 10000000 Aug 20 09:12 /tmp/tmpuploadfile-1660986772
{"reference":"703944e27b200686d66b4959044071523f2819dba5b25dd490c69086a57449e6"}
-rw-rw-r-- 1 sig sig 10000000 Aug 20 09:13 /tmp/tmpuploadfile-1660986784
{"message":"batch is overissued","code":402}
16
creating stamp...
2611fa493a180c0a5a2f6a98493eacde592b031859f4f0ad48200214bea7e906
-rw-rw-r-- 1 sig sig 10000000 Aug 20 09:14 /tmp/tmpuploadfile-1660986854
{"reference":"010de1e0eaee851182ea2725ba500127d159b848d6e03c39afc2655e247cffa7"}
-rw-rw-r-- 1 sig sig 10000000 Aug 20 09:14 /tmp/tmpuploadfile-1660986864
{"reference":"da22901ee9d3ce0b82c4ca9692e2d38000c06069c15d5b24774cd8dc153b5f96"}
-rw-rw-r-- 1 sig sig 10000000 Aug 20 09:14 /tmp/tmpuploadfile-1660986876
{"reference":"28c9ca69e94ec1257d7b67a3cf605bde7484aa71049384fb574bf441c3bb70ab"}
-rw-rw-r-- 1 sig sig 10000000 Aug 20 09:14 /tmp/tmpuploadfile-1660986888
{"reference":"9cce0f6979f7014aa082bf8512ed105e57493249ed6fb1d79f94786bcbbf7932"}
-rw-rw-r-- 1 sig sig 10000000 Aug 20 09:15 /tmp/tmpuploadfile-1660986900
{"reference":"d86b0003dc254d41009e42c77fca530f76c90bc9f17252120dbeb28c0230bfbc"}
-rw-rw-r-- 1 sig sig 10000000 Aug 20 09:15 /tmp/tmpuploadfile-1660986914
{"reference":"d8d27b93ae217a19fb42c4b3851532cf6cdd0b38953dcde473a6376d6c3b2f08"}
-rw-rw-r-- 1 sig sig 10000000 Aug 20 09:15 /tmp/tmpuploadfile-1660986927
{"reference":"2a7b3943b51facbea32ee25dad969b3319d6a5c3b12b0614ea157a6b689471a4"}
-rw-rw-r-- 1 sig sig 10000000 Aug 20 09:15 /tmp/tmpuploadfile-1660986940
{"reference":"b34affcad6b325f4d6b8f4c60b358ff33391fa6873fdddf901c307ee0296b088"}
-rw-rw-r-- 1 sig sig 10000000 Aug 20 09:15 /tmp/tmpuploadfile-1660986953
{"reference":"5e092f270a6e42bce713b0b25ff7e123dd254748e65ad011f59b8177fc46a57c"}
-rw-rw-r-- 1 sig sig 10000000 Aug 20 09:16 /tmp/tmpuploadfile-1660986966
{"reference":"046053d08f6612d5d9f765b5bd5fba94cc07ccb322d42b0801e775da2bb50803"}
-rw-rw-r-- 1 sig sig 10000000 Aug 20 09:16 /tmp/tmpuploadfile-1660986979
{"reference":"c9ce72d966d337ae72658ac508117de977b24cb7f7ae5aaa8a4a12edf5ef8935"}
-rw-rw-r-- 1 sig sig 10000000 Aug 20 09:16 /tmp/tmpuploadfile-1660986993
{"reference":"4a88d6b3f0b12d79f45f61acb76238954f79ea5ce59595299ed4a436416fa6fe"}
-rw-rw-r-- 1 sig sig 10000000 Aug 20 09:16 /tmp/tmpuploadfile-1660987006
{"message":"batch is overissued","code":402}
14
creating stamp...
49c3222af42dfc58c727e6530b04ef1bd48b1bef45862a88744143144b18944b
-rw-rw-r-- 1 sig sig 10000000 Aug 20 09:17 /tmp/tmpuploadfile-1660987078
{"reference":"395fb7f01f23f5f1f5ad0fa85dcd65bb55656d1affe7ff74c07957e1f938f7ab"}
-rw-rw-r-- 1 sig sig 10000000 Aug 20 09:18 /tmp/tmpuploadfile-1660987088
{"reference":"b399d3e7e094f5fae54bbf99666f298340c9caa9b81208e95f83284b37250323"}
-rw-rw-r-- 1 sig sig 10000000 Aug 20 09:18 /tmp/tmpuploadfile-1660987098
{"reference":"2fd9fcc8224adeab6eabe40da06898a2671a155ab96bd6ece3cf310389b2e950"}
-rw-rw-r-- 1 sig sig 10000000 Aug 20 09:18 /tmp/tmpuploadfile-1660987109
{"reference":"db7c41053196be59fc31c74e53d07d1d728df9708cedd303576d7e62a571d956"}
-rw-rw-r-- 1 sig sig 10000000 Aug 20 09:18 /tmp/tmpuploadfile-1660987120
{"reference":"5c3736d9eb9aaa336bff74e4b85673dd406588c4243c631d26a56b5c8fe5cf69"}
-rw-rw-r-- 1 sig sig 10000000 Aug 20 09:18 /tmp/tmpuploadfile-1660987132
{"reference":"38759bee070a6b07f43d4cec7686702022219adeb4eb2ea3b41dd687995c4a5a"}
-rw-rw-r-- 1 sig sig 10000000 Aug 20 09:19 /tmp/tmpuploadfile-1660987144
{"reference":"8171dcc3bd95948744a6e603c3691d94fba2d4ef4deb077f2e02cde8afc05ebc"}
-rw-rw-r-- 1 sig sig 10000000 Aug 20 09:19 /tmp/tmpuploadfile-1660987157
{"reference":"a5085a4dc4816bcb9307e4d6eb4efe17948db698cf870ab72146655c5b75b055"}
-rw-rw-r-- 1 sig sig 10000000 Aug 20 09:19 /tmp/tmpuploadfile-1660987170
{"reference":"d9f8fd9104bbb0d412caa4aaa68d387b5b903dcfad2ea3abaf4fecadfa6c07ec"}
-rw-rw-r-- 1 sig sig 10000000 Aug 20 09:19 /tmp/tmpuploadfile-1660987182
{"reference":"56d760ac4b70a7d8112333c29ef9846a693bdc4474c881223e7da172c3e4f101"}
-rw-rw-r-- 1 sig sig 10000000 Aug 20 09:19 /tmp/tmpuploadfile-1660987195
{"reference":"f99d4ef024ef89907a91f4f86a0d8a0fa154bc8e64aa14252514c925ca4885e4"}
-rw-rw-r-- 1 sig sig 10000000 Aug 20 09:20 /tmp/tmpuploadfile-1660987209
{"reference":"f17945260e91cd59f2d945ee6a0990c98f238c1d64c7635adea252a8b4da1379"}
-rw-rw-r-- 1 sig sig 10000000 Aug 20 09:20 /tmp/tmpuploadfile-1660987222
{"reference":"497df14a29c79f29fac4c1a0ad41bc9eec58131d9a7b92f39a06c4c0a1b37973"}
-rw-rw-r-- 1 sig sig 10000000 Aug 20 09:20 /tmp/tmpuploadfile-1660987236
{"reference":"2dec51597deec59f610a31c7b39b63206ecc824ef4246a60da6955c563de74e0"}
-rw-rw-r-- 1 sig sig 10000000 Aug 20 09:20 /tmp/tmpuploadfile-1660987249
{"message":"batch is overissued","code":402}
16
creating stamp...
b1e5245d0b6223f37aadec6452a2059dcc427b57d88945eb7ab782987738ba3d
-rw-rw-r-- 1 sig sig 10000000 Aug 20 09:21 /tmp/tmpuploadfile-1660987318
{"reference":"cb6244fbd6f8a621ff613b1de44b0b84f68e8db05ef679788086421221589853"}
-rw-rw-r-- 1 sig sig 10000000 Aug 20 09:22 /tmp/tmpuploadfile-1660987330
{"reference":"f44260684bbd21053ac4f4ad6f2e4c6d461b89c4def7bee1309be7811cd713d3"}
-rw-rw-r-- 1 sig sig 10000000 Aug 20 09:22 /tmp/tmpuploadfile-1660987342
{"reference":"c83c3a5e2385197b38719b454edac5d1e76946cec5c75511ee7926568b10892b"}
-rw-rw-r-- 1 sig sig 10000000 Aug 20 09:22 /tmp/tmpuploadfile-1660987354
{"reference":"89388de1776c526c07d8303d63df542b96379cd9c91b1d31dcdd4333cd8c8776"}
-rw-rw-r-- 1 sig sig 10000000 Aug 20 09:22 /tmp/tmpuploadfile-1660987367
{"reference":"a0825e0e3aca7de9ffe346cf15cf2fba8825c714eae4089b086b01964b4fb99f"}
-rw-rw-r-- 1 sig sig 10000000 Aug 20 09:23 /tmp/tmpuploadfile-1660987380
{"reference":"d7149f4e17a2c808302cae7a48ac2c4cb1536033a3cff440f702259868a850fb"}
-rw-rw-r-- 1 sig sig 10000000 Aug 20 09:23 /tmp/tmpuploadfile-1660987394
{"reference":"86e4065df042727110e380838ab1b1d018aa6b96f2e3816c5a6588852da925ad"}
-rw-rw-r-- 1 sig sig 10000000 Aug 20 09:23 /tmp/tmpuploadfile-1660987408
{"reference":"0816b044ed07df006c8e6cbd604bdd0f63f139cd41051ad5b82c22241914a1d8"}
-rw-rw-r-- 1 sig sig 10000000 Aug 20 09:23 /tmp/tmpuploadfile-1660987421
{"reference":"271daaa436fc145433bb77fe99b02822670b8e6335333d7bbaa8d2ce7e19f731"}
-rw-rw-r-- 1 sig sig 10000000 Aug 20 09:23 /tmp/tmpuploadfile-1660987434
{"reference":"48634d00526754e0fd9d89d7cdc660fdc4bcde088837a680af4637db03cab4fc"}
-rw-rw-r-- 1 sig sig 10000000 Aug 20 09:24 /tmp/tmpuploadfile-1660987447
{"reference":"a1aba7a67da09276808e7cb61490070f7229742512b139e9c292b4137250b443"}
-rw-rw-r-- 1 sig sig 10000000 Aug 20 09:24 /tmp/tmpuploadfile-1660987460
{"reference":"aef179230e4b81a795c87ed55014d10b00740b6912c504f5e199c3597d914858"}
-rw-rw-r-- 1 sig sig 10000000 Aug 20 09:24 /tmp/tmpuploadfile-1660987473
{"reference":"310bef99bc82d9898e3cf4bd6950fabec89a3ebb5916f4c49befbb7c98eb7ff1"}
-rw-rw-r-- 1 sig sig 10000000 Aug 20 09:24 /tmp/tmpuploadfile-1660987486
{"reference":"6ec45d1cef2fb7519006b549968aa84d3fbc54a7014d47e006ff927321918579"}
-rw-rw-r-- 1 sig sig 10000000 Aug 20 09:24 /tmp/tmpuploadfile-1660987498
{"reference":"93cdc45b2139a96489e80a1682b7b1310745831cbeeb64a524109f84e4f15506"}
-rw-rw-r-- 1 sig sig 10000000 Aug 20 09:25 /tmp/tmpuploadfile-1660987511
{"reference":"6228bfb391458ce341ddfe40fb6161e9c5016cd6a6bc477c839aeed5f76ef665"}
-rw-rw-r-- 1 sig sig 10000000 Aug 20 09:25 /tmp/tmpuploadfile-1660987525
{"reference":"6ff117529b8ce9db956ece14315b3cb3f4a5e827f6b6eb7285bc4c3627a1ee2d"}
-rw-rw-r-- 1 sig sig 10000000 Aug 20 09:25 /tmp/tmpuploadfile-1660987537
{"reference":"199c86f9f1fa26efb7f6ab5c823aab6389e4f98e4be14e1f6cd249bbfeaddc07"}
-rw-rw-r-- 1 sig sig 10000000 Aug 20 09:25 /tmp/tmpuploadfile-1660987550
{"message":"batch is overissued","code":402}
20
creating stamp...
c6221031147ceffe86dda4cdd6cee257a48fa64ee130e8f8451527b6eb1c80de
-rw-rw-r-- 1 sig sig 10000000 Aug 20 09:26 /tmp/tmpuploadfile-1660987619
{"reference":"769e254a2e019140eeee58b96efdf449995c8087d85e9467f9e8208020b3313c"}
-rw-rw-r-- 1 sig sig 10000000 Aug 20 09:27 /tmp/tmpuploadfile-1660987633
{"reference":"589676a7285516302d46b3ed5a35b9e6c7b4eaa0e3f856afc7de385a0c2829aa"}
-rw-rw-r-- 1 sig sig 10000000 Aug 20 09:27 /tmp/tmpuploadfile-1660987646
{"reference":"c5f3af202c5a1ab9dba48ad5ba2743a17350cd3afd5023e794e446e60d333cb8"}
-rw-rw-r-- 1 sig sig 10000000 Aug 20 09:27 /tmp/tmpuploadfile-1660987658
{"reference":"b389d9dadbb63e91d6dcfea3ca1ae3fbd6a8fd31100a183bc70c02fbba987b10"}
-rw-rw-r-- 1 sig sig 10000000 Aug 20 09:27 /tmp/tmpuploadfile-1660987671
{"reference":"23479b8779670144c7c51b1311f99abfe2b0592d6f354bfdd9ade8db4a07ada3"}
-rw-rw-r-- 1 sig sig 10000000 Aug 20 09:28 /tmp/tmpuploadfile-1660987684
{"reference":"ad0207b920c22c2049ac92b59d98ede5de522169540e74820740451188ccf882"}
-rw-rw-r-- 1 sig sig 10000000 Aug 20 09:28 /tmp/tmpuploadfile-1660987697
{"reference":"979880f210980abff8c7542163b44cd636b737f49b45bad25e030a50c7e41ed6"}
-rw-rw-r-- 1 sig sig 10000000 Aug 20 09:28 /tmp/tmpuploadfile-1660987709
{"reference":"c253b767cb35dc9fef3095ad0e38ac3906e7839d49adc1f0d18300c9d007da12"}
-rw-rw-r-- 1 sig sig 10000000 Aug 20 09:28 /tmp/tmpuploadfile-1660987722
{"reference":"a62c22b2161595b7f934eaac809601e050338f5e2dbaae4bfd66d7eb99fdb2c5"}
-rw-rw-r-- 1 sig sig 10000000 Aug 20 09:28 /tmp/tmpuploadfile-1660987735
{"reference":"f9dbd3a56fbd4cc3197512d5791e3c79126546087b6d39669ad32b227347f848"}
-rw-rw-r-- 1 sig sig 10000000 Aug 20 09:29 /tmp/tmpuploadfile-1660987748
{"reference":"567b1502e3af058f1589222854c3ef4d53e8db6a4cb45d63e3fd246a44024659"}
-rw-rw-r-- 1 sig sig 10000000 Aug 20 09:29 /tmp/tmpuploadfile-1660987761
{"reference":"c53bbe88da7445c645533434d92f1b6347d8945980db57e4ad56ba060cf335a6"}
-rw-rw-r-- 1 sig sig 10000000 Aug 20 09:29 /tmp/tmpuploadfile-1660987774
{"reference":"911daaa390a1665d366a00c3243ba516d3eebceaa2303c234e075c2c6439c693"}
-rw-rw-r-- 1 sig sig 10000000 Aug 20 09:29 /tmp/tmpuploadfile-1660987787
{"reference":"6e096f410c1b3ea8f89d38e945cb64b0aca10a22a1d113bfa36cd33949d8beed"}
-rw-rw-r-- 1 sig sig 10000000 Aug 20 09:29 /tmp/tmpuploadfile-1660987799
{"message":"batch is overissued","code":402}
16
creating stamp...
9e076755fad3e9ae331eb389dc8113b052fed46d6a29b866cfb444dfead6feec
-rw-rw-r-- 1 sig sig 10000000 Aug 20 09:30 /tmp/tmpuploadfile-1660987858
{"reference":"604267fd22413369bbb6c040906c1be773c5143bc75f2665372b7ff91a89fe28"}
-rw-rw-r-- 1 sig sig 10000000 Aug 20 09:31 /tmp/tmpuploadfile-1660987871
{"reference":"0028c5e531e760f5942919040495cf0c8f37084252f69583ebbecfb7175a6cb4"}
-rw-rw-r-- 1 sig sig 10000000 Aug 20 09:31 /tmp/tmpuploadfile-1660987883
{"reference":"a9fdc52561c5b4f8cfdf03dae35deb01a7dc52f4e4a7fc70ba420bbf11ff8229"}
-rw-rw-r-- 1 sig sig 10000000 Aug 20 09:31 /tmp/tmpuploadfile-1660987895
{"reference":"7ee297bb666910d0972e80ed43dabe08f92e991c2e1032bf2b060d09fe80a931"}
-rw-rw-r-- 1 sig sig 10000000 Aug 20 09:31 /tmp/tmpuploadfile-1660987907
{"reference":"1b00e27402ad3611829af50ec5574370e9be0370552bce40c95e6bf61390afb9"}
-rw-rw-r-- 1 sig sig 10000000 Aug 20 09:32 /tmp/tmpuploadfile-1660987920
{"reference":"88e9091aa1b07b56ff29ec9cc35cfe6fedaecd4cb4a4d5ce5985788a7eef49ce"}
-rw-rw-r-- 1 sig sig 10000000 Aug 20 09:32 /tmp/tmpuploadfile-1660987934
{"reference":"3720db7518570397c2b1ecf4a1f1f5dc6b83cf21b1df9cd9d410eabb1101a87a"}
-rw-rw-r-- 1 sig sig 10000000 Aug 20 09:32 /tmp/tmpuploadfile-1660987947
{"reference":"d8c38beba710e5d35c9a73f762b07895e2a3e398ceb1ffc32faa9f9680b85c2f"}
-rw-rw-r-- 1 sig sig 10000000 Aug 20 09:32 /tmp/tmpuploadfile-1660987960
{"reference":"9bcce7c98440b378bfa2a75be26099e50349056d5616b10c18ef59c437de7db4"}
-rw-rw-r-- 1 sig sig 10000000 Aug 20 09:32 /tmp/tmpuploadfile-1660987974
{"reference":"8397baff9bde4b4d1de6aee4364c7e5f1abd3d94ef86ffae27e712a970c7716d"}
-rw-rw-r-- 1 sig sig 10000000 Aug 20 09:33 /tmp/tmpuploadfile-1660987986
{"reference":"3d6f763ea42da4096215387790b9c9466bfa588d2652692e19a959f2a8d574e9"}
-rw-rw-r-- 1 sig sig 10000000 Aug 20 09:33 /tmp/tmpuploadfile-1660988000
{"reference":"d4c39c9419e3310eda94d65c7e368d302aede01cdd1f19327976e79aa75f324f"}
-rw-rw-r-- 1 sig sig 10000000 Aug 20 09:33 /tmp/tmpuploadfile-1660988013
{"reference":"e3ac7241a7cf1320275468430b72d59a6f2804e7b4ed7bce0ea485468a4b9b1c"}
-rw-rw-r-- 1 sig sig 10000000 Aug 20 09:33 /tmp/tmpuploadfile-1660988025
{"reference":"9c52a98258b0d587b1721cfe946a9916b433360f6227625e005d2d94313abd40"}
-rw-rw-r-- 1 sig sig 10000000 Aug 20 09:33 /tmp/tmpuploadfile-1660988039
{"reference":"4666f30de85976603435dbd56f151545d4ce98f97df8ca71637a02dcca524967"}
-rw-rw-r-- 1 sig sig 10000000 Aug 20 09:34 /tmp/tmpuploadfile-1660988052
{"reference":"3f05a7fcc852fb97e5a1fc3655ca88c50c7f74c5f69663d6fb467e58785bf7ee"}
-rw-rw-r-- 1 sig sig 10000000 Aug 20 09:34 /tmp/tmpuploadfile-1660988065
{"reference":"022d2194ef376176129e7152ecef5622046e42e5386b3a295aedfde4edbbcb6b"}
-rw-rw-r-- 1 sig sig 10000000 Aug 20 09:34 /tmp/tmpuploadfile-1660988077
{"message":"batch is overissued","code":402}
19
creating stamp...
37ea4dbe31706fed1705e24c56d9f79085f7b346d3902c302541dfc651309db1
-rw-rw-r-- 1 sig sig 10000000 Aug 20 09:36 /tmp/tmpuploadfile-1660988175
{"reference":"8f3d81e4f3d051dc2a634cbe24e24d22890777e66c4213a7c0236437ca920483"}
-rw-rw-r-- 1 sig sig 10000000 Aug 20 09:36 /tmp/tmpuploadfile-1660988185
{"reference":"ce5691c5af8046ba0c6e3f5514bd4c2952fcb26f4e6e2bc466f564024a238e49"}
-rw-rw-r-- 1 sig sig 10000000 Aug 20 09:36 /tmp/tmpuploadfile-1660988197
{"reference":"0471e9acc5328ae83c7493f370d123bcb368e6f44e523de68792035ceca6bf77"}
-rw-rw-r-- 1 sig sig 10000000 Aug 20 09:36 /tmp/tmpuploadfile-1660988209
{"reference":"bf54b9a447b9e5de18fdb71c56af56a007340595991bd89c028e481e761927de"}
-rw-rw-r-- 1 sig sig 10000000 Aug 20 09:37 /tmp/tmpuploadfile-1660988221
{"reference":"b30d9d1a97eb1052df604a40781f1ba436b838efae7a55e5051a17fa4b540235"}
-rw-rw-r-- 1 sig sig 10000000 Aug 20 09:37 /tmp/tmpuploadfile-1660988233
{"reference":"7e6fa05a5dfea7118448621fe4d6a0703d56a13e1cc14f661b95d3e211a38692"}
-rw-rw-r-- 1 sig sig 10000000 Aug 20 09:37 /tmp/tmpuploadfile-1660988244
{"reference":"a6487d3992104864577f8f2deb9d64b83a170c31e8d16ff9fbf98432dca0d14b"}
-rw-rw-r-- 1 sig sig 10000000 Aug 20 09:37 /tmp/tmpuploadfile-1660988256
{"reference":"f0ee6de2cb777f9493bea41bbaf53353a7e2c0bfcbb4511c1de00d8c4f6537e2"}
-rw-rw-r-- 1 sig sig 10000000 Aug 20 09:37 /tmp/tmpuploadfile-1660988268
{"reference":"d4800c9129f249314d2bf2b2758d3328203f53a943d32c3d661b122e0348b5af"}
-rw-rw-r-- 1 sig sig 10000000 Aug 20 09:38 /tmp/tmpuploadfile-1660988280
{"reference":"3c406096c12b37c248e9e2703326303d4ea50b9c37246bf4e78ec34f53344328"}
-rw-rw-r-- 1 sig sig 10000000 Aug 20 09:38 /tmp/tmpuploadfile-1660988293
{"reference":"fefbec3a86f5c775d127166cee32b12ec684676e41c6ac3ef5f514cd6adfcfa8"}
-rw-rw-r-- 1 sig sig 10000000 Aug 20 09:38 /tmp/tmpuploadfile-1660988305
{"reference":"97b4286a4680a3a331bbcc4d06b03700975666c38d64113b22291fd3b2c86eef"}
-rw-rw-r-- 1 sig sig 10000000 Aug 20 09:38 /tmp/tmpuploadfile-1660988318
{"reference":"182543f8158dcb38120f33246ff0138006d6cb4d6fb3bc7902432455973358f9"}
-rw-rw-r-- 1 sig sig 10000000 Aug 20 09:38 /tmp/tmpuploadfile-1660988331
{"reference":"c60f580da6ae3493bed4b7c57160d8e2849d0685082a55f79130d7807521219f"}
-rw-rw-r-- 1 sig sig 10000000 Aug 20 09:39 /tmp/tmpuploadfile-1660988344
{"message":"batch is overissued","code":402}
16
creating stamp...
a4599629c37d08ad6fedd0a7e2f62a4ae0b2bede8a41c53507bd150206ad27ad
-rw-rw-r-- 1 sig sig 10000000 Aug 20 09:40 /tmp/tmpuploadfile-1660988415
{"reference":"af80b0c3b54da85d84870e67aee56c4eb6d3813ea4237edb4b2bcddbace9e6a3"}
-rw-rw-r-- 1 sig sig 10000000 Aug 20 09:40 /tmp/tmpuploadfile-1660988428
{"reference":"60d734468abe05ebcd1de9ee9ecb551f78c8cd2a7d242fa35e2b28272a96d223"}
-rw-rw-r-- 1 sig sig 10000000 Aug 20 09:40 /tmp/tmpuploadfile-1660988441
{"reference":"2f42a2629614276cd855bc186ebe38599a1c52bcb260c6a86171b98a9da73b70"}
-rw-rw-r-- 1 sig sig 10000000 Aug 20 09:40 /tmp/tmpuploadfile-1660988454
{"reference":"3625aa0eab0591c0c0120c0448ae316b74c843b9e8ec4d06b0d109af44d3bf8e"}
-rw-rw-r-- 1 sig sig 10000000 Aug 20 09:41 /tmp/tmpuploadfile-1660988468
{"reference":"27742bf8f724b8f956381bc52edfdcdb922c10e5bbea97832e8bf710af15ba92"}
-rw-rw-r-- 1 sig sig 10000000 Aug 20 09:41 /tmp/tmpuploadfile-1660988482
{"reference":"bb40d9f399948428309f0e435c449e5fc5d8f42edc69fc10716ef8d3ca7adacb"}
-rw-rw-r-- 1 sig sig 10000000 Aug 20 09:41 /tmp/tmpuploadfile-1660988496
{"reference":"c68f5a9e194feb4088f6671de6be82f56d6a8301f08f266df54c58bd78f3e193"}
-rw-rw-r-- 1 sig sig 10000000 Aug 20 09:41 /tmp/tmpuploadfile-1660988509
{"reference":"827c4f3ac4547b3c85213b75c9a4bdeb35f54d645ed722a0f268c37cf824195e"}
-rw-rw-r-- 1 sig sig 10000000 Aug 20 09:42 /tmp/tmpuploadfile-1660988523
{"reference":"70e4b054f1539fd35241f4697eb7e98de63b83f9dbf37e8aaa70b5e64aac7969"}
-rw-rw-r-- 1 sig sig 10000000 Aug 20 09:42 /tmp/tmpuploadfile-1660988536
{"reference":"b32cba703e99558bbdaf1bbc8043b30d83622a8f0f0f5065f735d4f2172af856"}
-rw-rw-r-- 1 sig sig 10000000 Aug 20 09:42 /tmp/tmpuploadfile-1660988549
{"reference":"7b325bd5f59e3fab947448a75bb1be74dd2f0f5049632a62ec5af0c1e2efacd6"}
-rw-rw-r-- 1 sig sig 10000000 Aug 20 09:42 /tmp/tmpuploadfile-1660988562
{"reference":"20c11ef8f67f762105740621ce8cc141bc789508e7411b6bd773137bfec06730"}
-rw-rw-r-- 1 sig sig 10000000 Aug 20 09:42 /tmp/tmpuploadfile-1660988575
{"reference":"8c79c3027f900bc3511f8a22743c1b12c6bdacc0cf89c82c8903fc88ddfd078e"}
-rw-rw-r-- 1 sig sig 10000000 Aug 20 09:43 /tmp/tmpuploadfile-1660988588
{"reference":"2f59c52159620bd9e018b704f89bb3084f38d1ec8412eddb0bdb92b69511f3ac"}
-rw-rw-r-- 1 sig sig 10000000 Aug 20 09:43 /tmp/tmpuploadfile-1660988601
{"reference":"9fe9e86cad29991844be7b17e29a11963f13903c53e01c36011f014a5a53ed58"}
-rw-rw-r-- 1 sig sig 10000000 Aug 20 09:43 /tmp/tmpuploadfile-1660988615
{"reference":"dd586e9055cfd089f08d115069fa5ee5ff1c25ccbce8fca85e88926769eccab5"}
-rw-rw-r-- 1 sig sig 10000000 Aug 20 09:43 /tmp/tmpuploadfile-1660988628
{"reference":"041f31f4c6cbb55d9a0ef9e5d905201349f9554d5fe6328ced01555af252a139"}
-rw-rw-r-- 1 sig sig 10000000 Aug 20 09:44 /tmp/tmpuploadfile-1660988641
{"reference":"e61e6ff21e6cce7db101d7bb97be4e9e87e0cca4d0462cbc3de00d2e7398d512"}
-rw-rw-r-- 1 sig sig 10000000 Aug 20 09:44 /tmp/tmpuploadfile-1660988654
{"message":"batch is overissued","code":402}
20
creating stamp...
83f01e797211c625d1a9acf309661c550da07f48a1c989ba0879b8c6eaf152b7
-rw-rw-r-- 1 sig sig 10000000 Aug 20 09:45 /tmp/tmpuploadfile-1660988713
{"reference":"f362ab66054e1d173923b6ccb87950231d60f06ec1f69c073858ba655f10b2c0"}
-rw-rw-r-- 1 sig sig 10000000 Aug 20 09:45 /tmp/tmpuploadfile-1660988727
{"reference":"17dddaede9f5e5518b07c5d8eed28fdef21d3a733601d925b129ae21e3eae793"}
-rw-rw-r-- 1 sig sig 10000000 Aug 20 09:45 /tmp/tmpuploadfile-1660988741
{"reference":"59dccb328226af029193419f80356b797e60a00b43f6bce18efb8973045d7dd2"}
-rw-rw-r-- 1 sig sig 10000000 Aug 20 09:45 /tmp/tmpuploadfile-1660988755
{"reference":"f01c37d79f153e7f4f3713e2005da92bf68b52340ec8438ac868d7468d9efff6"}
-rw-rw-r-- 1 sig sig 10000000 Aug 20 09:46 /tmp/tmpuploadfile-1660988768
{"reference":"74eb53bc51cd9f57af5bcc7bc244d59d6d337eeb5a7bf966be3b2887a2aae774"}
-rw-rw-r-- 1 sig sig 10000000 Aug 20 09:46 /tmp/tmpuploadfile-1660988780
{"reference":"a12af6463b69b4c3fc24c715682ff28b561d92fe2898052e9d0da3457049099c"}
-rw-rw-r-- 1 sig sig 10000000 Aug 20 09:46 /tmp/tmpuploadfile-1660988793
{"reference":"1e7342c7d5cc2fd01599f432fafd001516e8186ddff866f3aef1259f089db25f"}
-rw-rw-r-- 1 sig sig 10000000 Aug 20 09:46 /tmp/tmpuploadfile-1660988806
{"reference":"973db8462f8fb7258321f1508636299fec685efec83e53cdb37e9d870e56451b"}
-rw-rw-r-- 1 sig sig 10000000 Aug 20 09:46 /tmp/tmpuploadfile-1660988819
{"reference":"5ab681b990ccf980d5c1ba5dcef1e1a2e0c5fd825c71a31b795a550e0e963eec"}
-rw-rw-r-- 1 sig sig 10000000 Aug 20 09:47 /tmp/tmpuploadfile-1660988833
{"reference":"26a8801dd865400d0bdfcd5bd03924bdf036a4d401cccfe8e6ac92af440ce462"}
-rw-rw-r-- 1 sig sig 10000000 Aug 20 09:47 /tmp/tmpuploadfile-1660988845
{"reference":"7385028654bbf8e6471cf868583e97c3b21971d3c61f5770c118298fa2a7c302"}
-rw-rw-r-- 1 sig sig 10000000 Aug 20 09:47 /tmp/tmpuploadfile-1660988859
{"reference":"69435deb028bddb8b95d82bdcc5993fa7c59bd57f48e5f25ddafab9db8dd75dd"}
-rw-rw-r-- 1 sig sig 10000000 Aug 20 09:47 /tmp/tmpuploadfile-1660988872
{"message":"batch is overissued","code":402}
14
creating stamp...
fe3b4502f0fbeb1c524952ce1b48eb1800f93c00fd4aa51d8a39b674aa744a15
-rw-rw-r-- 1 sig sig 10000000 Aug 20 09:49 /tmp/tmpuploadfile-1660988954
{"reference":"46e5233423ab0d600486e59ddd556b59c0a9234b1aa11bf04862ef7ddd017bb9"}
-rw-rw-r-- 1 sig sig 10000000 Aug 20 09:49 /tmp/tmpuploadfile-1660988964
{"reference":"75e5152eac91a367cf5323e82a6269db55a47620df10e63ddb0f5ef213fac52a"}
-rw-rw-r-- 1 sig sig 10000000 Aug 20 09:49 /tmp/tmpuploadfile-1660988974
{"reference":"e7aa290ee7f03df697b42aeb910575cb453f0a49e4cc414e7494eec16371d776"}
-rw-rw-r-- 1 sig sig 10000000 Aug 20 09:49 /tmp/tmpuploadfile-1660988985
{"reference":"b05e0e7dbe6a29fc05b8a079aabf1d04cb18794904925477613cf2699ff44180"}
-rw-rw-r-- 1 sig sig 10000000 Aug 20 09:49 /tmp/tmpuploadfile-1660988996
{"reference":"25f637002ae3dc024b417f0e579c44f6016273569644b40dab820ddecc80a8b8"}
-rw-rw-r-- 1 sig sig 10000000 Aug 20 09:50 /tmp/tmpuploadfile-1660989009
{"reference":"59a0bbc8e7e68cf94a804e49abd5cb40ae7be764fb72c53301881eec72a49d49"}
-rw-rw-r-- 1 sig sig 10000000 Aug 20 09:50 /tmp/tmpuploadfile-1660989021
{"reference":"6dd71b202ee90810d685845bdf930550a214327d52666d6b10324925d0480832"}
-rw-rw-r-- 1 sig sig 10000000 Aug 20 09:50 /tmp/tmpuploadfile-1660989034
{"reference":"411d66530567e7039acff815f4e335c1a54aa35734b312066212bf0f307b4629"}
-rw-rw-r-- 1 sig sig 10000000 Aug 20 09:50 /tmp/tmpuploadfile-1660989047
{"reference":"7db81872fa9fc3ba4c1a1b7da91530e92a0065e2fc965518f609b83cee9efcb3"}
-rw-rw-r-- 1 sig sig 10000000 Aug 20 09:51 /tmp/tmpuploadfile-1660989060
{"reference":"ce715d737c7396036567c505a68f1f4a94391b41443fb82a6f9c0aa1ec7b4630"}
-rw-rw-r-- 1 sig sig 10000000 Aug 20 09:51 /tmp/tmpuploadfile-1660989073
{"reference":"5007b037a98d4814ff73bd08f373eaa92f80bd05bf2dc8921796440db4ffb47d"}
-rw-rw-r-- 1 sig sig 10000000 Aug 20 09:51 /tmp/tmpuploadfile-1660989086
{"reference":"289477c8809b9ad77fd6415d3b64c7d6cf2f89ec668cb4d623f786722438be99"}
-rw-rw-r-- 1 sig sig 10000000 Aug 20 09:51 /tmp/tmpuploadfile-1660989098
{"reference":"a292bdcce61e2a8d7cba223df7ddbc82a7b7c1ff0fdd717e08152b6e0088fd58"}
-rw-rw-r-- 1 sig sig 10000000 Aug 20 09:51 /tmp/tmpuploadfile-1660989111
{"reference":"fe7f6d02ed0d56647fe6529e76ee41e9f1fd8b7fd13f9771cc5b1e5eed43ae36"}
-rw-rw-r-- 1 sig sig 10000000 Aug 20 09:52 /tmp/tmpuploadfile-1660989124
{"reference":"a19d174510236fe6befb8946cec01ab7c6569112f84beced179e38cce3a931a8"}
-rw-rw-r-- 1 sig sig 10000000 Aug 20 09:52 /tmp/tmpuploadfile-1660989137
{"reference":"06f2a94b2426ae250e579fafa920c918e9a792ad0af1a6300e77c2aab2e78575"}
-rw-rw-r-- 1 sig sig 10000000 Aug 20 09:52 /tmp/tmpuploadfile-1660989150
{"reference":"9c230f4641906e86b4caa20e56613f99c83ae14df9ac9f709778941e28d69c13"}
-rw-rw-r-- 1 sig sig 10000000 Aug 20 09:52 /tmp/tmpuploadfile-1660989162
{"reference":"4221e4175db3e3f1102df89051ac21a90cebd6a6be3abbd9f8adbf4ce2a90e7d"}
-rw-rw-r-- 1 sig sig 10000000 Aug 20 09:52 /tmp/tmpuploadfile-1660989175
{"message":"batch is overissued","code":402}
20
creating stamp...
d2e4cd89d8511d8ffe7d910f37341aee26f88ea8ae1f090297135c865c8504e4
-rw-rw-r-- 1 sig sig 10000000 Aug 20 09:54 /tmp/tmpuploadfile-1660989254
{"reference":"48018cbd52841245b49a6feab7cda5a0764e1410a7e8954eae2ade071cd9d789"}
-rw-rw-r-- 1 sig sig 10000000 Aug 20 09:54 /tmp/tmpuploadfile-1660989267
{"reference":"5924f891a7f96e1d866783d49819fae823f1dca4f8d7e06b68f5ed815aaa5894"}
-rw-rw-r-- 1 sig sig 10000000 Aug 20 09:54 /tmp/tmpuploadfile-1660989279
{"reference":"2dc304811b244c99f4d7d493b03583b725eff9db5ecc4afe1d8e2c8cbd7491ee"}
-rw-rw-r-- 1 sig sig 10000000 Aug 20 09:54 /tmp/tmpuploadfile-1660989292
{"reference":"9d32a4eb32c23760b5b3c947e62c060ac11f505e74ab633a0916df620ea3bb73"}
-rw-rw-r-- 1 sig sig 10000000 Aug 20 09:55 /tmp/tmpuploadfile-1660989304
{"reference":"03e57067327c603887437c2e4d09f43cdd75ce8e272c9879d50f69cd4ecec8ef"}
-rw-rw-r-- 1 sig sig 10000000 Aug 20 09:55 /tmp/tmpuploadfile-1660989317
{"reference":"c4d4b017110f1e1a0a0934881127381039ba48a4fdfa9a674bd08e817fac5e79"}
-rw-rw-r-- 1 sig sig 10000000 Aug 20 09:55 /tmp/tmpuploadfile-1660989330
{"reference":"529c38656d662b68b069a7442129ec5d75dfdbed87a966957baaed0f177b806a"}
-rw-rw-r-- 1 sig sig 10000000 Aug 20 09:55 /tmp/tmpuploadfile-1660989342
{"reference":"283c7dc3fbbad749b12e50fa18dc83a21cbfcf4d8ded71fe42edf0043af2e566"}
-rw-rw-r-- 1 sig sig 10000000 Aug 20 09:55 /tmp/tmpuploadfile-1660989354
{"reference":"738049a8aa74cf0abb2cb7b04cf6597d0df9b6a0ebcd83764ea09ad9624719df"}
-rw-rw-r-- 1 sig sig 10000000 Aug 20 09:56 /tmp/tmpuploadfile-1660989368
{"reference":"efdd5c7f7974c212a06d685c81f9584ab90bd1d442388e8d2a94d8f731b443b3"}
-rw-rw-r-- 1 sig sig 10000000 Aug 20 09:56 /tmp/tmpuploadfile-1660989380
{"reference":"7724eea523cc0abc4094f6201b8f7d79a54d3c4b42d16c2a5b0e6f35ed96ca21"}
-rw-rw-r-- 1 sig sig 10000000 Aug 20 09:56 /tmp/tmpuploadfile-1660989392
{"reference":"050130b4734e5286ba6e77914500e52edea671547d79c35a3693eaf62050779d"}
-rw-rw-r-- 1 sig sig 10000000 Aug 20 09:56 /tmp/tmpuploadfile-1660989404
{"reference":"6441939512b3038da2cc77204f1302fb99b681e6a92a818e0d76134594638df7"}
-rw-rw-r-- 1 sig sig 10000000 Aug 20 09:56 /tmp/tmpuploadfile-1660989416
{"message":"batch is overissued","code":402}
15
creating stamp...
eb8815b13ab010cbeef57ef52f672f2a4120ae30ae40e883672d9d4219cbe961
-rw-rw-r-- 1 sig sig 10000000 Aug 20 09:58 /tmp/tmpuploadfile-1660989495
{"reference":"f02d633cba023915ac4dcb1095dc9c658e338ffd5c72e85ce3cb291727d01a98"}
-rw-rw-r-- 1 sig sig 10000000 Aug 20 09:58 /tmp/tmpuploadfile-1660989505
{"reference":"02030fc3e4ba53b8876b6cb83ec400e39df826128cd9e5796b2e66f0f0a3765f"}
-rw-rw-r-- 1 sig sig 10000000 Aug 20 09:58 /tmp/tmpuploadfile-1660989515
{"reference":"113a407419d1dd241b3b8bd85bd8f85266f212be0fe6e1c1fd808eef0c559e72"}
-rw-rw-r-- 1 sig sig 10000000 Aug 20 09:58 /tmp/tmpuploadfile-1660989526
{"reference":"dce5468537e12c024dafe24c46193b2acdb90f00c4b1805cab26e37f9fbf2244"}
-rw-rw-r-- 1 sig sig 10000000 Aug 20 09:58 /tmp/tmpuploadfile-1660989538
{"reference":"d603c0c0f37252c6d41bd4c78cb5cd2632ca7411dfc96efbdd1d390d3a8061b3"}
-rw-rw-r-- 1 sig sig 10000000 Aug 20 09:59 /tmp/tmpuploadfile-1660989550
{"reference":"4f5716d968be31f53a1e4cd0e84849bf3f93f9b03ff8895ed64ba790f84b36dc"}
-rw-rw-r-- 1 sig sig 10000000 Aug 20 09:59 /tmp/tmpuploadfile-1660989564
{"reference":"b1212910bba2f73112ba0eb99a62d00be82fcb78dedecf87b7ce3dd6dd92dc38"}
-rw-rw-r-- 1 sig sig 10000000 Aug 20 09:59 /tmp/tmpuploadfile-1660989577
{"reference":"a1681fddddc91a594445b3b76af13377604622d800200495f4a4f5a029c59624"}
-rw-rw-r-- 1 sig sig 10000000 Aug 20 09:59 /tmp/tmpuploadfile-1660989590
{"reference":"bc4258c7469569b2e25358d730a8211eb40bcc00afc20806a04effb3b4db6100"}
-rw-rw-r-- 1 sig sig 10000000 Aug 20 10:00 /tmp/tmpuploadfile-1660989603
{"reference":"046657d18f42fc6de9c35a8d2f2886c716882ff976d92b42c82dd11d5245709d"}
-rw-rw-r-- 1 sig sig 10000000 Aug 20 10:00 /tmp/tmpuploadfile-1660989617
{"reference":"5bff249a70a5dbce0fdb89c137d3a1cfbaa3cda78f8b03fbaee6ec94dbba0439"}
-rw-rw-r-- 1 sig sig 10000000 Aug 20 10:00 /tmp/tmpuploadfile-1660989631
{"reference":"c89d057c5a4bd1a0eb46f8bd524800f4ee1b22b2365080689f3c3b313cd935b4"}
-rw-rw-r-- 1 sig sig 10000000 Aug 20 10:00 /tmp/tmpuploadfile-1660989644
{"reference":"f296e0c15925f31dbe04b1c6118024e7698717988de81eb4465c25073d5e7a35"}
-rw-rw-r-- 1 sig sig 10000000 Aug 20 10:00 /tmp/tmpuploadfile-1660989658
{"reference":"a668de7c3fa8748540305578e930a5463ba9b473d0dff7a5539e7565d59c88b7"}
-rw-rw-r-- 1 sig sig 10000000 Aug 20 10:01 /tmp/tmpuploadfile-1660989671
{"message":"batch is overissued","code":402}
16
creating stamp...
512c57fe02eb91ba64e1469c186ed4eee102dc01dc1a4f3e4c39d8423a847514
-rw-rw-r-- 1 sig sig 10000000 Aug 20 10:02 /tmp/tmpuploadfile-1660989734
{"reference":"1833c62bea44b24efd9fec336f48ff378ee435875a2c173863f94e01d89b0cc1"}
-rw-rw-r-- 1 sig sig 10000000 Aug 20 10:02 /tmp/tmpuploadfile-1660989745
{"reference":"47c55729e89246d20aadea55b762b84d59e3476f165a726715c50ec7c78bd7cf"}
-rw-rw-r-- 1 sig sig 10000000 Aug 20 10:02 /tmp/tmpuploadfile-1660989757
{"reference":"17d3c9e27e3689e0a5940ae80f4ad640eb23b2c4c0de64ac18e57e5312859b3e"}
-rw-rw-r-- 1 sig sig 10000000 Aug 20 10:02 /tmp/tmpuploadfile-1660989769
{"reference":"85ad504574b1ad3944095f55ef09093c614d12aea3961f387dc1f2a4305978c3"}
-rw-rw-r-- 1 sig sig 10000000 Aug 20 10:03 /tmp/tmpuploadfile-1660989782
{"reference":"cea9d4ef4985c905eb2633756f5cafdf3bd9b5d532c19096c84131644e24de1d"}
-rw-rw-r-- 1 sig sig 10000000 Aug 20 10:03 /tmp/tmpuploadfile-1660989796
{"reference":"6d26ed798ca3469701039337c42fb6676f577952e5b0be048586eee0c40b7189"}
-rw-rw-r-- 1 sig sig 10000000 Aug 20 10:03 /tmp/tmpuploadfile-1660989809
{"reference":"5ba75b1f6c32d1d397a825a9ffe8cb3e27db11d1ab961bc6ae4edca258761f08"}
-rw-rw-r-- 1 sig sig 10000000 Aug 20 10:03 /tmp/tmpuploadfile-1660989823
{"reference":"0fd418784c7fcb7a7b4f01b08e0f9363d580ab7448e9b10aa206173b8d4a6059"}
-rw-rw-r-- 1 sig sig 10000000 Aug 20 10:03 /tmp/tmpuploadfile-1660989836
{"reference":"2ef523071a588f9e28a15611db91eca30d1b94229a0c58a319102da876f031e6"}
-rw-rw-r-- 1 sig sig 10000000 Aug 20 10:04 /tmp/tmpuploadfile-1660989850
{"reference":"eca16fe4d869a7d1a127342157625e4b03f021c5c07375eb7e61caf9c74aad21"}
-rw-rw-r-- 1 sig sig 10000000 Aug 20 10:04 /tmp/tmpuploadfile-1660989863
{"reference":"4a8a3ded7e47d1dd268ece2c1034d7490d9c4fab20ce29680bf0a441301a09c4"}
-rw-rw-r-- 1 sig sig 10000000 Aug 20 10:04 /tmp/tmpuploadfile-1660989876
{"reference":"79d24d1a6b7f85065509b62b2ecf7028c56bafcc96e07df9c94087142a0ec684"}
-rw-rw-r-- 1 sig sig 10000000 Aug 20 10:04 /tmp/tmpuploadfile-1660989889
{"message":"batch is overissued","code":402}
14
